<?xml version="1.0" encoding="UTF-8"?>
<testsuite name="mainTest" time="316.511" tests="1" errors="1" skipped="0" failures="0">
  <properties>
[...]
</properties>
  <testcase name="main" classname="mainTest" time="316.511">
    <error message="Error communicating with the remote browser. It may have died.&#10;Build info: version: &apos;2.35.0&apos;, revision: &apos;8df0c6bedf70ff9f22c647788f9fe9c8d22210e2&apos;, time: &apos;2013-08-17 12:46:41&apos;&#10;System info: os.name: &apos;Windows 7&apos;, os.arch: &apos;amd64&apos;, os.version: &apos;6.1&apos;, java.version: &apos;1.7.0_21&apos;&#10;Driver info: driver.version: RemoteWebDriver" type="org.openqa.selenium.remote.UnreachableBrowserException">org.openqa.selenium.remote.UnreachableBrowserException: Error communicating with the remote browser. It may have died.
Build info: version: '2.35.0', revision: '8df0c6bedf70ff9f22c647788f9fe9c8d22210e2', time: '2013-08-17 12:46:41'
System info: os.name: 'Windows 7', os.arch: 'amd64', os.version: '6.1', java.version: '1.7.0_21'
Driver info: driver.version: RemoteWebDriver
	at java.net.DualStackPlainSocketImpl.waitForConnect(Native Method)
	at java.net.DualStackPlainSocketImpl.socketConnect(DualStackPlainSocketImpl.java:75)
	at java.net.AbstractPlainSocketImpl.doConnect(AbstractPlainSocketImpl.java:339)
	at java.net.AbstractPlainSocketImpl.connectToAddress(AbstractPlainSocketImpl.java:200)
	at java.net.AbstractPlainSocketImpl.connect(AbstractPlainSocketImpl.java:182)
	at java.net.PlainSocketImpl.connect(PlainSocketImpl.java:157)
	at java.net.SocksSocketImpl.connect(SocksSocketImpl.java:391)
	at java.net.Socket.connect(Socket.java:579)
	at org.apache.http.conn.scheme.PlainSocketFactory.connectSocket(PlainSocketFactory.java:127)
	at org.apache.http.impl.conn.DefaultClientConnectionOperator.openConnection(DefaultClientConnectionOperator.java:180)
	at org.apache.http.impl.conn.AbstractPoolEntry.open(AbstractPoolEntry.java:151)
	at org.apache.http.impl.conn.AbstractPooledConnAdapter.open(AbstractPooledConnAdapter.java:125)
	at org.apache.http.impl.client.DefaultRequestDirector.tryConnect(DefaultRequestDirector.java:640)
	at org.apache.http.impl.client.DefaultRequestDirector.execute(DefaultRequestDirector.java:479)
	at org.apache.http.impl.client.AbstractHttpClient.execute(AbstractHttpClient.java:906)
	at org.openqa.selenium.remote.HttpCommandExecutor.fallBackExecute(HttpCommandExecutor.java:319)
	at org.openqa.selenium.remote.HttpCommandExecutor.execute(HttpCommandExecutor.java:298)
	at org.openqa.selenium.remote.service.DriverCommandExecutor.execute(DriverCommandExecutor.java:66)
	at org.openqa.selenium.remote.RemoteWebDriver.execute(RemoteWebDriver.java:527)
	at org.openqa.selenium.remote.RemoteWebDriver.execute(RemoteWebDriver.java:569)
	at org.openqa.selenium.remote.RemoteWebDriver.quit(RemoteWebDriver.java:423)
	at tests2.test(tests2.java:4660)
	at tests2.setUp(tests2.java:4650)
	at mainTest.main(mainTest.java:118)
</error>
    <system-out>-----------------------------------
Automation Application Rev 0.021
-----------------------------------
Now Acquiring Batch from Database
Batch successfully Adquired====&gt;carltonlabels
-----------------------------------
Acquiring Data from Batch
-----------------------------------
Data Successfully Adquired
-----------------------------------
Opening Site To Test
-----------------------------------
Acquiring Site Language
-----------------------------------
Site Language==english
-----------------------------------
Acquiring tests from batch
-----------------------------------
-----------------------------------
IBN L1 Registration Test
-----------------------------------
Looking for Registration Link
-----------------------------------
[qa='register']
Registration Link Successfully Finded
https://testgaming.st-minver.com/carlton/bingo/registration/registration_step1.thtml
-----------------------------------
Continue
L1 Step1 Completed
-----------------------------------
L1 Step2 Completed
-----------------------------------
USER=mrt382707711----E-Mail=QAautomation382707711@gtech.com-------Level=1-------Succesfully Registered
-----------------------------------
-----------------------------------
Starting IBN L2 Test
-----------------------------------
Acquiring IBN L2 Commom data
-----------------------------------
IBN L2 Commom data adquired
-----------------------------------
-----------------------------------
L2 Step1 Completed
-----------------------------------
ibnL1labels
l1test
visalabels
l2paycheck
[qa='visadeposit']
looking icon
looking button
In payment page
Payment Method ==visa== Present
-----------------------------------
User Name ==mrt382707711== Present
Payment Name ==visa== Present
-----------------------------------
Checking ====&gt;visa&lt;===== communication
-----------------------------------
visa Communication Finished
-----------------------------------
looking for correct change card url
1
ok
paypallabels
l2paycheck
[qa='paypaldeposit']
looking icon
looking button
In payment page
Payment Method ==paypal== Present
-----------------------------------
User Name ==mrt382707711== Present
Payment Name ==paypal== Present
-----------------------------------
Checking ====&gt;paypal&lt;===== communication
-----------------------------------
PayPal Communnication Confirmed
-----------------------------------
paypal Communication Finished
-----------------------------------
looking for correct change card url
1
ok
-----------------------------------
IBN L2 Step 2 Completed
-----------------------------------
-----------------------------------
-----------------------------------
Automation Application Rev 0.021
-----------------------------------
Now Acquiring Batch from Database
Batch successfully Adquired====&gt;carltonlabels
-----------------------------------
Acquiring Data from Batch
-----------------------------------
Data Successfully Adquired
-----------------------------------
Opening Site To Test
-----------------------------------
Acquiring Site Language
-----------------------------------
Site Language==english
-----------------------------------
Acquiring tests from batch
-----------------------------------
-----------------------------------
IBN L1 Registration Test
-----------------------------------
Looking for Registration Link
-----------------------------------
[qa='register']
Registration Link Successfully Finded
https://testgaming.st-minver.com/carlton/bingo/registration/registration_step1.thtml
-----------------------------------
Continue
L1 Step1 Completed
-----------------------------------
L1 Step2 Completed
-----------------------------------
USER=mrt382707875----E-Mail=QAautomation382707875@gtech.com-------Level=1-------Succesfully Registered
-----------------------------------
-----------------------------------
Starting IBN L2 Test
-----------------------------------
Acquiring IBN L2 Commom data
-----------------------------------
IBN L2 Commom data adquired
-----------------------------------
-----------------------------------
L2 Step1 Completed
-----------------------------------
ibnL1labels
l1test
visalabels
l2paycheck
[qa='visadeposit']
looking icon
looking button
In payment page
Payment Method ==visa== Present
-----------------------------------
User Name ==mrt382707875== Present
Payment Name ==visa== Present
-----------------------------------
Checking ====&gt;visa&lt;===== communication
-----------------------------------
visa Communication Finished
-----------------------------------
looking for correct change card url
1
ok
paypallabels
l2paycheck
[qa='paypaldeposit']
looking icon
looking button
In payment page
Payment Method ==paypal== Present
-----------------------------------
User Name ==mrt382707875== Present
Payment Name ==paypal== Present
-----------------------------------
Checking ====&gt;paypal&lt;===== communication
-----------------------------------
PayPal Communnication Confirmed
-----------------------------------
paypal Communication Finished
-----------------------------------
Still not
ok
-----------------------------------
IBN L2 Step 2 Completed
-----------------------------------
-----------------------------------
Generating Reports
-----------------------------------
Generating Reports
-----------------------------------
Generating Reports
-----------------------------------
--------------------------------------
  Starting 2nd Iteration on failure
--------------------------------------
-----------------------------------
Automation Application Rev 0.021
-----------------------------------
Now Acquiring Batch from Database
Batch successfully Adquired====&gt;carltonlabels
-----------------------------------
Acquiring Data from Batch
-----------------------------------
Data Successfully Adquired
-----------------------------------
Opening Site To Test
-----------------------------------
Acquiring Site Language
-----------------------------------
Site Language==english
-----------------------------------
Acquiring tests from batch
-----------------------------------
-----------------------------------
IBN L1 Registration Test
-----------------------------------
Looking for Registration Link
-----------------------------------
[qa='register']
Registration Link Successfully Finded
-----------------------------------
Generating Reports
-----------------------------------
All Tests Finished, please refer to email to see the report
-----------------------------------
</system-out>
    <system-err>Starting ChromeDriver (v2.4.226107) on port 16996
Started InternetExplorerDriver server (64-bit)
2.35.1.0
Listening on port 44122
Oct 25, 2013 3:33:29 PM org.apache.http.impl.client.DefaultRequestDirector tryExecute
INFO: I/O exception (java.net.SocketException) caught when processing request: Software caused connection abort: recv failed
Oct 25, 2013 3:33:29 PM org.apache.http.impl.client.DefaultRequestDirector tryExecute
INFO: Retrying request
</system-err>
  </testcase>
</testsuite>