<?xml version="1.0" encoding="UTF-8"?>
<testsuite name="test.java.mainTest" time="79.273" tests="1" errors="1" skipped="0" failures="0">
  <properties>
[...]
</properties>
  <testcase name="main" classname="test.java.mainTest" time="79.273">
    <error message="no such session: 624e1c54575c6a9d36ec4955076b265d&#10;  (Driver info: chromedriver=2.0,platform=Windows NT 6.1 SP1 x86_64) (WARNING: The server did not provide any stacktrace information)&#10;Command duration or timeout: 1.01 seconds&#10;Build info: version: &apos;2.34.0&apos;, revision: &apos;11cd0ef93615408e0b6b3bfa28defe125906461a&apos;, time: &apos;2013-08-06 11:43:14&apos;&#10;System info: os.name: &apos;Windows 7&apos;, os.arch: &apos;amd64&apos;, os.version: &apos;6.1&apos;, java.version: &apos;1.7.0_21&apos;&#10;Session ID: 624e1c54575c6a9d36ec4955076b265d&#10;Driver info: org.openqa.selenium.chrome.ChromeDriver&#10;Capabilities [{platform=XP, acceptSslCerts=true, javascriptEnabled=true, browserName=chrome, chrome={chromedriverVersion=2.0}, rotatable=false, locationContextEnabled=true, version=28.0.1500.72, cssSelectorsEnabled=true, databaseEnabled=true, handlesAlerts=true, browserConnectionEnabled=false, webStorageEnabled=true, nativeEvents=true, applicationCacheEnabled=false, takesScreenshot=true}]" type="org.openqa.selenium.remote.SessionNotFoundException">org.openqa.selenium.remote.SessionNotFoundException: no such session: 624e1c54575c6a9d36ec4955076b265d
  (Driver info: chromedriver=2.0,platform=Windows NT 6.1 SP1 x86_64) (WARNING: The server did not provide any stacktrace information)
Command duration or timeout: 1.01 seconds
Build info: version: '2.34.0', revision: '11cd0ef93615408e0b6b3bfa28defe125906461a', time: '2013-08-06 11:43:14'
System info: os.name: 'Windows 7', os.arch: 'amd64', os.version: '6.1', java.version: '1.7.0_21'
Session ID: 624e1c54575c6a9d36ec4955076b265d
Driver info: org.openqa.selenium.chrome.ChromeDriver
Capabilities [{platform=XP, acceptSslCerts=true, javascriptEnabled=true, browserName=chrome, chrome={chromedriverVersion=2.0}, rotatable=false, locationContextEnabled=true, version=28.0.1500.72, cssSelectorsEnabled=true, databaseEnabled=true, handlesAlerts=true, browserConnectionEnabled=false, webStorageEnabled=true, nativeEvents=true, applicationCacheEnabled=false, takesScreenshot=true}]
	at sun.reflect.NativeConstructorAccessorImpl.newInstance0(Native Method)
	at sun.reflect.NativeConstructorAccessorImpl.newInstance(NativeConstructorAccessorImpl.java:57)
	at sun.reflect.DelegatingConstructorAccessorImpl.newInstance(DelegatingConstructorAccessorImpl.java:45)
	at java.lang.reflect.Constructor.newInstance(Constructor.java:525)
	at org.openqa.selenium.remote.ErrorHandler.createThrowable(ErrorHandler.java:191)
	at org.openqa.selenium.remote.ErrorHandler.throwIfResponseFailed(ErrorHandler.java:151)
	at org.openqa.selenium.remote.RemoteWebDriver.execute(RemoteWebDriver.java:554)
	at org.openqa.selenium.remote.RemoteWebDriver.execute(RemoteWebDriver.java:569)
	at org.openqa.selenium.remote.RemoteWebDriver.quit(RemoteWebDriver.java:423)
	at main.java.tests.readdatabase(tests.java:373)
	at main.java.tests.setUp(tests.java:3047)
	at test.java.mainTest.main(mainTest.java:80)
</error>
    <system-out>-----------------------------------
Automation Application Rev 0.02
-----------------------------------
Now Adquiring Batch from Database
Batch successfully Adquired====&gt;l1carlton
-----------------------------------
Adquiring Data from Batch
-----------------------------------
Data Successfully Adquired
-----------------------------------
Opening Site To Test
-----------------------------------
Adquiring Site Language
-----------------------------------
Site Language==english
-----------------------------------
Adquiring tests from batch
-----------------------------------
-----------------------------------
IBN L1 Registration Test
-----------------------------------
Looking for Registration Link
-----------------------------------
Registration Link Successfully Finded
https://testgaming.st-minver.com/carlton/bingo/registration/registration_step1.thtml
-----------------------------------
L1 Step1 Completed
-----------------------------------
L1 Step2 Completed
-----------------------------------
USER=mrt376665089----E-Mail=QAautomation376665089@gtech.com-------Level=1-------Succesfully Registered
-----------------------------------
-----------------------------------
Starting IBN L2 Test
-----------------------------------
Adquiring IBN L2 Commom data
-----------------------------------
IBN L2 Commom data adquired
-----------------------------------
-----------------------------------
L2 Step1 Completed
-----------------------------------
Starting IBN Deposit
-----------------------------------
Deposit button clicked
-----------------------------------
Waiting for receipt
-----------------------------------
Waiting for receipt
-----------------------------------
Waiting for receipt
-----------------------------------
Waiting for receipt
-----------------------------------
Waiting for receipt
-----------------------------------
Waiting for receipt
-----------------------------------
Deposit correctly placed
-----------------------------------
Play Now Button Clicked
-----------------------------------
User successfully redirected to Lobby Page
-----------------------------------
Deposit correctly placed
-----------------------------------
Launching Withdrawl Test
-----------------------------------
Withdrawl Link clicked
-----------------------------------
Withdrawl Link clicked
-----------------------------------
Withdrawl complete and user correctly redirected to lobby
-----------------------------------
Withdrawl Test Passed
-----------------------------------
-----------------------------------
IBN L2 Step 2 Completed
-----------------------------------
-----------------------------------
Generating Reports
-----------------------------------
All Tests Finished, please refer to email to see the report
-----------------------------------
</system-out>
    <system-err>[0.993][INFO]: received WebDriver request: GET /status 
[0.993][INFO]: sending WebDriver response: 200 {
   "sessionId": "",
   "status": 0,
   "value": {
      "build": {
         "version": "alpha"
      },
      "os": {
         "arch": "x86_64",
         "name": "Windows NT",
         "version": "6.1 SP1"
      }
   }
}
[1.108][INFO]: receivedWebDriverrequest:POST/session{
"desiredCapabilities":{
"browserName":"chrome",
"chrome.switches":["--disable-loggin"],
"platform":"ANY",
"version":""
}
}
[1.146][INFO]: Launching chrome: "C:\Program Files (x86)\Google\Chrome\Application\chrome.exe" --remote-debugging-port=52227 --no-first-run --enable-logging --logging-level=1 --user-data-dir="C:\Users\dprado\AppData\Local\Temp\scoped_dir1788_3197" --load-extension="C:\Users\dprado\AppData\Local\Temp\scoped_dir1788_20428\internal" --ignore-certificate-errors data:text/html;charset=utf-8,
[1.501][INFO]: sending WebDriver response: 303 
[1.518][INFO]: received WebDriver request: GET /session/624e1c54575c6a9d36ec4955076b265d 
[1.523][INFO]: sending WebDriver response: 200 {
   "sessionId": "624e1c54575c6a9d36ec4955076b265d",
   "status": 0,
   "value": {
      "acceptSslCerts": true,
      "applicationCacheEnabled": false,
      "browserConnectionEnabled": false,
      "browserName": "chrome",
      "chrome": {
         "chromedriverVersion": "2.0"
      },
      "cssSelectorsEnabled": true,
      "databaseEnabled": true,
      "handlesAlerts": true,
      "javascriptEnabled": true,
      "locationContextEnabled": true,
      "nativeEvents": true,
      "platform": "Windows NT",
      "rotatable": false,
      "takesScreenshot": true,
      "version": "2.0.1500.72",
      "webStorageEnabled": true
   }
}
[1.556][INFO]: receivedWebDriverrequest:POST/session/624e1c54575c6a9d36ec4955076b265d/timeouts/implicit_wait{
"ms":10000
}
[1.558][INFO]: sending WebDriver response: 200 {
   "sessionId": "624e1c54575c6a9d36ec4955076b265d",
   "status": 0,
   "value": null
}
[1.567][INFO]: received WebDriver request: POST /session/624e1c54575c6a9d36ec4955076b265d/url {
   "url": "https://testgaming.st-minver.com/carlton/bingo/home/"
}
[1.825][INFO]: waiting for pending navigations...
[1.825][INFO]: done waiting for pending navigations
[3.278][INFO]: waiting for pending navigations...
[4.474][INFO]: done waiting for pending navigations
[4.474][INFO]: sending Webriver response: 200 {
   "sessionId": "624e1c54575c6a9d36ec4955076b265d",
   "status": 0,
   "value": null
}
[4.487][INFO]: received Webriver request: POST /session/624e1c54575c6a9d36ec4955076b265d/element {
   "using": "link text",
   "value": "Click here to accept this statement and access the Internet."
}
[4.487][INFO]: aiting for pending navigations...
[4.487][INFO]: done aiting for pending navigations
[14.556][INFO]: waiting for pending navigations...
[14.556][INFO]: done waiting for pending navigations
[14.556][INFO]: sending WebDriver response: 200 {
   "sessionId": "624e1c54575c6a9d36ec4955076b265d",
   "status": 7,
   "value": {
      "message": "no such element\n  (Session info: chrome=28.0.1500.72)\n  (Driver info: chromedriver=2.0,platform=Windows NT 6.1 SP1 x86_64)"
   }
}
[14.559][INFO]: received WebDriver request: GET /session/624e1c54575c6a9d36ec4955076b265d/source 
[14.560][INFO]: waiting for pending navigations...
[14.560][INFO]: done waiting for pending navigations
[14.579][INFO]: waiting for pending navigations...
[14.579][INFO]: done waiting for pending navigations
[14.590][INFO]: sending WebDriver response: 2 {
   "sessionId": "624e1c54575c6a9d36ec495576b265d",
   "status": ,
   "value": "\u3C!DOCTYPE html PUBLIC \"-//W3C//DTD XHTML 1. Transitional//EN\" \"http://www.w3.org/TR/xhtml1/DTD/xhtml1-transitional.dtd\"\u3E\u3Chtml xmlns=\"http://www.w3.org/1999/xhtml\"\u3E\u3Chead\u3E\n\u3Cmeta http-equiv=\"Content-..."
}
[14.619][INFO]: received WebDriver request: GET /session/624e1c54575c6a9d36ec4955076b265d/alert_tet 
[14.619][INFO]: waiting for pending navigations...
[14.619][INFO]: done waiting for pending navigations
[14.619][INFO]: sending WebDriver response: 200 {
   "sessionId": "624e1c54575c6a9d36ec4955076b265d",
   "status": 27,
   "value": {
      "message": "no alert open\n  (Session info: chrome=28.0.1500.72)\n  (Driver info: chromedriver=2.0,platform=Windows NT 6.1 SP1 86_64)"
   }
}
[14.630][INFO]: received WebDriver request: POST /session/624e1c54575c6a9d36ec4955076b265d/element {
   "using": "css selector",
   "value": "img[alt='Sill n\u00E5!']"
}
[14.632][INFO]: waiting for pending navigations...
[14.633][INFO]: done waiting for pending navigations
[24.633][INFO]: aiting for pending navigations...
[24.633][INFO]: done aiting for pending navigations
[24.634][INFO]: sending WebDriver response: 200 {
   "sessionId": "624e1c54575c6a9d36ec4955076b265d",
   "status": 7,
   "value": {
      "message": "no such element\n  (Session info: chrome=28.0.1500.72)\n  (Driver info: chromedriver=2.0,platform=Windos NT 6.1 SP1 x86_64)"
   }
}
[24.639][INFO]: received WebDriver request: POST /session/624e1c54575c6a9d36ec4955076b265d/element {
   "using": "css selector",
   "value": "a[title='Register']"
}
[24.639][INFO]: aiting for pending navigations...
[24.639][INFO]: done aiting for pending navigations
[24.670][INFO]: waiting fr pending navigatins...
[24.670][INFO]: dne waiting fr pending navigatins
[24.670][INFO]: sending WebDriver respnse: 2 {
   "sessinId": "624e1c54575c6a9d36ec495576b265d",
   "status": ,
   "value": {
      "ELEMENT": ".33581364899873734:1"
   }
}
[24.676][INFO]: received WebDriver request: POST /session/624e1c54575c6a9d36ec4955076b265d/element {
   "using": "css selector",
   "value": "a[title='Register']"
}
[24.677][INFO]: waiting for pending navigations...
[24.677][INFO]: done waiting for pending navigations
[24.687][INFO]: waiting for pending navigations...
[24.687][INFO]: done waiting for pending navigations
[24.687][INFO]: sending WebDriver response: 200 {
   "sessionId": "624e1c54575c6a9d36ec4955076b265d",
   "status": 0,
   "value": {
      "ELEMENT": "0.033581364899873734:1"
   }
}
[24.691][INFO]: received WebDriver request: GET /session/624e1c54575c6a9d36ec4955076b265d/element/0.033513649973734:1/displayed 
[24.692][INFO]: waitingforpendingnavigations...
[24.693][INFO]: done waiting for pending navigations
[24.715][INFO]: waiting for pending navigations...
[24.715][INFO]: done waiting for pending navigations
[24.715][INFO]: sending WebDriver response: 200 {
   "sessionId": "624e1c54575c6a9d36ec4955076b265d",
   "status": 0,
   "value": true
}
[24.717][INFO]: received WebDriver request: POST /session/624e1c54575c6a9d36ec4955076b265d/element {
   "using": "css selector",
   "value": "a[title='Register']"
}
[24.718][INFO]: waiting for pending navigations...
[24.718][INFO]: done waiting for pending navigations
[24.728][INFO]: waiting for pending navigations...
[24.728][INFO]: done waiting for pending navigations
[24.728][INFO]: sending WebDriver response: 200 {
   "sessionId": "624e1c54575c6a9d36ec4955076b265d",
   "status": 0,
   "value": {
      "ELEMENT": "0.033581364899873734:1"
   }
}
[24.730][INFO]: received WebDriver request: POST /session/624e1c54575c6a9d36ec4955076b265d/element/0.033581364899873734:1/click {
   "id": "0.033581364899873734:1"
}
[24.731][INFO]: waiting for pending navigations...
[24.731][INFO]: done waiting for pending navigations
[24.782][INFO]: waiting for pending navigations...
[26.240][INFO]: done waiting for pending navigations
[26.241][INFO]: sendin WebDriver response: 200 {
   "sessionId": "624e1c54575c6a9d36ec4955076b265d",
   "status": 0,
   "value": null
}
[26.244][INFO]: received WebDriver requet: GET /eion/624e1c54575c6a9d36ec4955076b265d/url 
[26.244][INFO]: waiting for pending navigation...
[26.244][INFO]: done waiting for pending navigation
[26.255][INFO]: waiting for pending navigations...
[26.255][INFO]: done waiting for pending navigations
[26.256][INFO]: sending WebDriver response: 200 {
   "sessionId": "624e1c54575c6a9d36ec4955076b265d",
   "status": 0,
   "value": "https://testgaming.st-minver.com/carlton/bingo/registration/registration_step1.thtml"
}
[26.269][INFO]: received WebDriver request: GET /session/624e1c54575c6a9d36ec4955076b265d/url 
[26.270][INFO]: waiting for pending navigations...
[26.270][INFO]: done waiting for pending navigations
[26.271][INFO]: waiting for pending navigations...
[26.271][INFO]: done waiting for pending navigations
[26.272][INFO]: sending WebDriver response: 200 {
   "sessionId": "624e1c54575c6a9d36ec4955076b265d",
   "status": 0,
   "value": "https://testgaming.st-minver.com/carlton/bingo/registration/registration_step1.thtml"
}
[26.278][INFO]: received WebDriver request: POST /session/624e1c54575c6a9d36ec4955076b265d/element {
   "using": "css selector",
   "value": "#emailId"
}
[26.278][INFO]: waiting for ending navigations...
[26.278][INFO]: done waiting for ending navigations
[26.300][INFO]: waiting for pending navigations...
[26.301][INFO]: done waiting for pending navigations
[26.301][INFO]: sending WebDriver response: 200 {
   "sessionId": "624e1c54575c6a9d36ec4955076b265d",
   "status": 0,
   "value": {
      "ELEMENT": "0.5186039232648909:1"
   }
}
[26.303][INFO]: received WebDriver request: POST /session/624e1c54575c6a9d36ec4955076b265d/element/0.5186039232648909:1/clear {
   "id": "0.5186039232648909:1"
}
[26.303][INFO]: waiting for pending navigations...
[26.303][INFO]: done waiting for pending navigations
[26.334][INFO]: waiting for pending navigations...
[26.334][INFO]: done waiting for pending navigations
[26.334][INFO]: sending WebDriver response: 2 {
   "sessionId": "624e1c54575c6a9d36ec495576b265d",
   "status": ,
   "value": null
}
[26.338][INFO]: received WebDriver request: POST /session/624e1c54575c6a9d36ec4955076b265d/element {
   "using": "css selector",
   "value": "#emailId"
}
[26.345][INFO]: waiting for pending navigations...
[26.345][INFO]: done waiting for pending navigations
[26.355][INFO]: waiting for pending navigations...
[26.356][INFO]: donewaitingforpendingnavigations
[26.356][INFO]: sendingWebDriverresponse:200{
"sessionId":"624e1c54575c6a9d36ec4955076b265d",
"status":0,
"value":{
"ELEMENT":"0.5186039232648909:1"
}
}
[26.359][INFO]: received WebDriver request: POST /session/62e1c5575c6a9d36ec955076b265d/element/0.518603923268909:1/value {
   "id": "0.518603923268909:1",
   "value": [ "QAautomation376665089@gtech.com" ]
}
[26.359][INFO]: waiting for pending navigations...
[26.359][INFO]: done waiting for pending navigations
[26.560][INFO]: waiting for pending navigations...
[26.560][INFO]: done waiting for pending navigations
[26.560][INFO]: sending WebDriver response: 200 {
   "sessionId": "624e1c54575c6a9d36ec4955076b265d",
   "status": 0,
   "value": null
}
[26.562][INFO]: received WebDriver request: POST /session/624e1c54575c6a9d36ec4955076b265d/element {
   "using": "css selector",
   "value": "input[name='newPlayer.firstName']"
}
[26.562][INFO]: waiting for pending navigations...
[26.563][INFO]: done waiting for pending navigations
[26.585][INFO]: waiting for pending navigations...
[26.585][INFO]: done waiting for pending navigations
[26.585][INFO]: sending WebDriver response: 200 {
   "sessionId": "624e1c54575c6a9d36ec4955076b265d",
   "status": 0,
   "value": {
      "ELEMENT": "0.5186039232648909:2"
   }
}
[26.587][INFO]: received WebDriver request: POST /session/624e1c54575c6a9d36ec4955076b265d/element/0.5186039232648909:2/clear {
   "id": "0.5186039232648909:2"
}
[26.588][INFO]: waiting for pending navigations...
[26.588][INFO]: done waiting for pending navigations
[26.618][INFO]: waiting for pending navigations...
[26.618][INFO]: done waiting for pending navigations
[26.618][INFO]: sending WebDriver response: 200 {
   "sessionId": "624e1c54575c6a9d36ec4955076b265d",
   "status": 0,
   "value": null
}
[26.621][INFO]: received WebDriver request: POST /session/62e1c5575c6a9d36ec955076b265d/element {
   "using": "css selector",
   "value": "input[name='newPlayer.firstName']"
}
[26.621][INFO]: waiting for pending navigations...
[26.621][INFO]: done waiting for pending navigations
[26.632][INFO]: waiting for pending navigations...
[26.632][INFO]: done waiting for pending navigations
[26.632][INFO]: sending WebDriver response: 200 {
   "sessionId": "624e1c54575c6a9d36ec4955076b265d",
   "status": 0,
   "value": {
      "ELEMENT": "0.5186039232648909:2"
   }
}
[26.634][INFO]: received WebDriver request: POST /session/624e1c54575c6a9d36ec4955076b265d/element/0.5186039232648909:2/value {
   "id": "0.5186039232648909:2",
   "value": [ "Daniel" ]
}
[26.635][INFO]: waiting for pending navigations...
[26.635][INFO]: done waiting for pending navigations
[26.709][INFO]: waiting for pending navigations...
[26.709][INFO]: done waiting for pending navigations
[26.709][INFO]: sending WebDriver response: 200 {
   "sessionId": "624e1c54575c6a9d36ec4955076b265d",
   "status": 0,
   "value": null
}
[26.711][INFO]: received WebDriver request: POST /session/624e1c54575c6a9d36ec4955076b265d/element {
   "using": "css selector",
   "value": "input[name='newPlayer.lastName']"
}
[26.711][INFO]: waiting for pending navigations...
[26.712][INFO]: done waiting for pending navigations
[26.732][INFO]: waiting for pending navigations...
[26.732][INFO]: done waiting for pending navigations
[26.732][INFO]: sending WebDriver response: 200 {
   "sessionId": "624e1c54575c6a9d36ec4955076b265d",
   "status": 0,
   "value": {
      "ELEMENT": "0.5186039232648909:3"
   }
}
[26.734][INFO]: received WebDriver request: POST /session/624e1c54575c6a9d36ec4955076b265d/element/0.5186039232648909:3/clear {
   "id": "0.5186039232648909:3"
}
[26.734][INFO]: waiting for pending navigations...
[26.734][INFO]: done waiting for pending navigations
[26.760][INFO]: waiting for pending navigations...
[26.760][INFO]: done waiting for pending navigations
[26.760][INFO]: sending WebDriver response: 200 {
   "sessionId": "624e1c54575c6a9d36ec4955076b265d",
   "status": 0,
   "value": null
}
[26.762][INFO]: received WebDriver request: POST /session/624e1c54575c6a9d36ec4955076b265d/element {
   "using": "css selector",
   "value": "inputname='newPlayer.lastName']"
}
[26.762][INFO]: waiting for pending navigations...
[26.762][INFO]: done waiting for pending navigations
[26.774][INFO]: waiting for pending navigations...
[26.774][INFO]: done waiting for pending navigations
[26.774][INFO]: sending WebDriver response: 200 {
   "sessionId": "624e1c54575c6a9d36ec4955076b265d",
   "status": 0,
   "value": {
      "ELEMENT": "0.5186039232648909:3"
   }
}
[26.776][INFO]: received WebDriver request: POST /session/624e1c54575c6a9d36ec4955076b265d/element/0.5186039232648909:3/value {
   "id": "0.5186039232648909:3",
   "value": [ "Prado" ]
}
[26.776][INFO]: waiting for pending navigations...
[26.776][INFO]: done waiting for pending navigations
[26.848][INFO]: waiting for pending navigations...
[26.848][INFO]: done waiting for pending navigations
[26.848][INFO]: sending WebDriver response: 200 {
   "sessionId": "624e1c54575c6a9d36ec4955076b265d",
   "status": 0,
   "value": null
}
[26.851][INFO]: received WebDriver request: POST /session/624e1c54575c6a9d36ec4955076b265d/element {
   "using": "css selector",
   "value": "#birthday_day"
}
[26.851][INFO]: waiting for pending navigations...
[26.851][INFO]: done waiting for pending navigations
[26.872][INFO]: waiting for pending navigations...
[26.872][INFO]: done waiting for pending navigations
[26.872][INFO]: sending WebDriver response: 200 {
   "sessionId": "624e1c54575c6a9d36ec4955076b265d",
   "status": 0,
   "value": {
      "ELEMENT": "0.5186039232648909:4"
   }
}
[26.874][INFO]: received WebDriver request: GET /session/624e1c54575c6a9d36ec4955076b265d/element/0.5186039232648909:4/name 
[26.875][INFO]: waiting for pending navigations...
[26.875][INFO]: done waiting for pending navigations
[26.879][INFO]: waiting for pending navigations...
[26.879][INFO]: done waiting for pending navigations
[26.879][INFO]: sending WebDriver response: 200 {
   "sessionId": "624e1c54575c6a9d36ec4955076b265d",
   "status": 0,
   "value": "select"
}
[26.881][INFO]: received WebDriver request: GET /session/624e1c54575c6a9d36ec4955076b265d/element/0.5186039232648909:4/attribute/multiple 
[26.881][INFO]: waiting for pending navigations...
[26.881][INFO]: done waiting for pending navigations
[26.897][INFO]: waiting for pending navigations...
[26.897][INFO]: done waiting for pending navigations
[26.897][INFO]: sending WebDriver response: 200 {
   "sessionId": "624e1c54575c6a9d36ec4955076b265d",
   "status": 0,
   "value": null
}
[26.900][INFO]: receiedWebDrierrequest:POST/session/624e1c54575c6a9d36ec4955076b265d/element/0.5186039232648909:4/elements{
"id":"0.5186039232648909:4",
"using":"tagname",
"alue":"option"
}
[26.900][INFO]: waitingforpendingnaigations...
[26.900][INFO]: donewaitingforpendingnaigations
[26.924][INFO]: waiting for pending navigations...
[26.924][INFO]: done waiting for pending navigations
[26.924][INFO]: sending WebDriver response: 200 {
   "sessionId": "624e1c54575c6a9d36ec4955076b265d",
   "status": 0,
   "value": [ {
      "ELEMENT": "0.5186039232648909:5"
   }, {
      "ELEMENT": "0.5186039232648909:6"
   }, {
      "ELEMENT": "0.5186039232648909:7"
   }, {
      "ELEMENT": "0.5186039232648909:8"
   }, {
      "ELEMENT": "0.5186039232648909:9"
   }, {
      "ELEMENT": "0.5186039232648909:10"
   }, {
      "ELEMENT": "0.5186039232648909:11"
   }, {
      "ELEMENT": "0.5186039232648909:12"
   }, {
      "ELEMENT": "0.5186039232648909:13"
   }, {
      "ELEMENT": "0.5186039232648909:14"
   }, {
      "ELEMENT": "0.5186039232648909:15"
   }, {
      "ELEMENT": "0.5186039232648909:16"
   }, {
      "ELEMENT": "0.5186039232648909:17"
   }, {
      "ELEMENT": "0.5186039232648909:18"
   }, {
      "ELEMENT": "0.5186039232648909:19"
   }, {
      "ELEMENT": "0.5186039232648909:20"
   }, {
      "ELEMENT": "0.5186039232648909:21"
   }, {
      "ELEMENT": "0.5186039232648909:22"
   }, {
      "ELEMENT": "0.5186039232648909:23"
   }, {
      "ELEMENT": "0.5186039232648909:24"
   }, {
      "ELEMENT": "0.5186039232648909:25"
   }, {
      "ELEMENT": "0.5186039232648909:26"
   }, {
      "ELEMENT": "0.5186039232648909:27"
   }, {
      "ELEMENT": "0.5186039232648909:28"
   }, {
      "ELEMENT": "0.5186039232648909:29"
   }, {
      "ELEMENT": "0.5186039232648909:30"
   }, {
      "ELEMENT": "0.5186039232648909:31"
   }, {
      "ELEMENT": "0.5186039232648909:32"
   }, {
      "ELEMENT": "0.5186039232648909:33"
   }, {
      "ELEMENT": "0.5186039232648909:34"
   }, {
      "ELEMENT": "0.5186039232648909:35"
   }, {
      "ELEMENT": "0.5186039232648909:36"
   } ]
}
[26.936][INFO]: received WebDriver request: GET /session/624e1c54575c6a9d36ec4955076b265d/element/0.5186039232648909:5/attribute/index 
[26.936][INFO]: waiting for pending navigations...
[26.936][INFO]: done waiting for pending navigations
[26.952][INFO]: waiting for pending navigations...
[26.952][INFO]: done waiting for pending navigations
[26.952][INFO]: sending WebDriver response: 200 {
   "sessionId": "624e1c54575c6a9d36ec4955076b265d",
   "status": 0,
   "value": "0"
}
[26.954][INFO]: received WebDriver request: GET /session/624e1c54575c6a9d36ec4955076b265d/element/0.5186039232648909:6/attribute/index 
[26.954][INFO]: waiting for pending navigations...
[26.954][INFO]: done waiting for pending navigations
[26.973][INFO]: waiting for pending navigations...
[26.973][INFO]: done waiting for pending navigations
[26.973][INFO]: sending WebDriver response: 200 {
   "sessionId": "624e1c54575c6a9d36ec4955076b265d",
   "status": 0,
   "value": "1"
}
[26.975][INFO]: received WebDriver request: GET /session/624e1c54575c6a9d36ec4955076b265d/element/0.5186039232648909:7/attribute/index 
[26.975][INFO]: waiting for pending navigations...
[26.975][INFO]: done waiting for pending navigations
[26.990][INFO]: waiting for pending navigations...
[26.990][INFO]: done waiting for pending navigations
[26.990][INFO]: sending WebDriver response: 200 {
   "sessionId": "624e1c54575c6a9d36ec4955076b265d",
   "status": 0,
   "value": "2"
}
[26.992][INFO]: received WebDriver request: GET /session/624e1c54575c6a9d36ec4955076b265d/element/0.5186039232648909:8/attribute/index 
[26.992][INFO]: waiting for pending navigations...
[26.992][INFO]: done waiting for pending navigations
[27.008][INFO]: waiting for pending navigations...
[27.008][INFO]: done waiting for pending navigations
[27.008][INFO]: sending WebDriver response: 200 {
   "sessionId": "624e1c54575c6a9d36ec4955076b265d",
   "status": 0,
   "value": "3"
}
[27.010][INFO]: received WebDriver request: GET /session/624e1c54575c6a9d36ec4955076b265d/element/0.5186039232648909:9/attribute/index 
[27.010][INFO]: waiting for pending navigations...
[27.010][INFO]: done waiting for pending navigations
[27.027][INFO]: waiting or pending navigations...
[27.027][INFO]: done waiting or pending navigations
[27.027][INFO]: sending WebDriver response: 200 {
   "sessionId": "624e1c54575c6a9d36ec4955076b265d",
   "status": 0,
   "value": "4"
}
[27.029][INFO]: received WebDriver request: GET /sessio/624e1c54575c6a9d36ec4955076b265d/elemet/0.5186039232648909:10/attribute/idex 
[27.029][INFO]: waitig for pedig avigatios...
[27.029][INFO]: doe waitig for pedig avigatios
[27.045][INFO]: waiting for pending navigations...
[27.045][INFO]: done waiting for pending navigations
[27.045][INFO]: sending WebDriver response: 200 {
   "sessionId": "624e1c54575c6a9d36ec4955076b265d",
   "status": 0,
   "value": "5"
}
[27.048][INFO]: received WebDriver request: GET /session/624e1c54575c6a9d36ec4955076b265d/element/0.5186039232648909:11/attribute/index 
[27.048][INFO]: waiting for pending navigations...
[27.048][INFO]: done waiting for pending navigations
[27.065][INFO]: waiting for pending navigations...
[27.065][INFO]: done waiting for pending navigations
[27.065][INFO]: sending WebDriver response: 200 {
   "sessionId": "624e1c54575c6a9d36ec4955076b265d",
   "status": 0,
   "value": "6"
}
[27.067][INFO]: received WebDriver request: GET /session/624e1c54575c6a9d36ec4955076b265d/element/0.5186039232648909:12/attribute/inde 
[27.067][INFO]: waiting for pending navigations...
[27.067][INFO]: done waiting for pending navigations
[27.084][INFO]: waiting for pending navigations...
[27.084][INFO]: done waiting for pending navigations
[27.084][INFO]: sending Webriver response: 200 {
   "sessionId": "624e1c54575c6a9d36ec4955076b265d",
   "status": 0,
   "value": "7"
}
[27.086][INFO]: received WebDriver request: GET /session/624e1c54575c6a9d36ec4955076b265d/element/0.5186039232648909:13/attribute/index 
[27.087][INFO]: waiting for pending navigations...
[27.087][INFO]: done waiting for pending navigations
[27.101][INFO]: waiting for pending navigations...
[27.101][INFO]: done waiting for pending navigations
[27.101][INFO]: sending WebDriver response: 200 {
   "sessionId": "624e1c54575c6a9d36ec4955076b265d",
   "status": 0,
   "value": "8"
}
[27.103][INFO]: received WebDriver request: GET /session/624e1c54575c6a9d36ec4955076b265d/element/0.5186039232648909:14/attribute/index 
[27.104][INFO]: waiting for pending navigations...
[27.104][INFO]: done waiting for pending navigations
[27.119][INFO]: waiting for pending navigations...
[27.119][INFO]: done waiting for pending navigations
[27.119][INFO]: sending WebDriver response: 200 {
   "sessionId": "624e1c54575c6a9d36ec4955076b265d",
   "status": 0,
   "value": "9"
}
[27.121][INFO]: received WebDriver request: GET /session/624e1c54575c6a9d36ec4955076b265d/element/0.5186039232648909:15/attribute/index 
[27.121][INFO]: waiting for pending navigations...
[27.121][INFO]: done waiting for pending navigations
[27.137][INFO]: waiting for pending navigations...
[27.137][INFO]: done waiting for pending navigations
[27.137][INFO]: sending WebDriver response: 200 {
   "sessionId": "624e1c54575c6a9d36ec4955076b265d",
   "status": 0,
   "value": "10"
}
[27.139][INFO]: received WebDriver request: GET /session/624e1c54575c6a9d36ec4955076b265d/element/0.5186039232648909:16/attribute/index 
[27.140][INFO]: waiting for pending navigations...
[27.140][INFO]: done waiting for pending navigations
[27.154][INFO]: waiting for pending navigations...
[27.154][INFO]: done waiting for pending navigations
[27.154][INFO]: sending WebDriver response: 200 {
   "sessionId": "624e1c54575c6a9d36ec4955076b265d",
   "status": 0,
   "value": "11"
}
[27.156][INFO]: receivedWebDriverrequest:GET/session/624e1c54575c6a9d36ec4955076b265d/element/0.5186039232648909:17/attribute/index
[27.157][INFO]: waiting for pending navigations...
[27.157][INFO]: done waiting for pending navigations
[27.172][INFO]: waiting for pending navigations...
[27.172][INFO]: done waiting for pending navigations
[27.172][INFO]: sending WebDriver response: 200 {
   "sessionId": "624e1c54575c6a9d36ec4955076b265d",
   "status": 0,
   "value": "12"
}
[27.174][INFO]: received WebDriver request: GET /session/624e1c54575c6a9d36ec4955076b265d/element/0.5186039232648909:18/attribute/index 
[27.175][INFO]: waiting for pending navigations...
[27.175][INFO]: done waiting for pending navigations
[27.190][INFO]: waiting for pending navigations...
[27.190][INFO]: done waiting for pending navigations
[27.190][INFO]: sending WebDriver response: 200 {
   "sessionId": "624e1c54575c6a9d36ec4955076b265d",
   "status": 0,
   "value": "13"
}
[27.192][INFO]: received WebDriver request: GET /session/624e1c54575c6a9d36ec4955076b265d/element/0.5186039232648909:19/attribute/index 
[27.193][INFO]: waiting for pending navigations...
[27.193][INFO]: done waiting for pending navigations
[27.208][INFO]: waiting for pending navigations...
[27.208][INFO]: done waiting for pending navigations
[27.208][INFO]: sending WebDriver response: 200 {
   "sessionId": "624e1c54575c6a9d36ec4955076b265d",
   "status": 0,
   "value": "14"
}
[27.210][INFO]: received WebDriver request: GET /session/624ec54575c6a9d36ec4955076b265d/element/0.586039232648909:20/attribute/index 
[27.210][INFO]: waiting for pending navigations...
[27.210][INFO]: done waiting for pending navigations
[27.227][INFO]: waiting for pending navigation...
[27.227][INFO]: done waiting for pending navigation
[27.227][INFO]: ending WebDriver repone: 200 {
   "eionId": "624e1c54575c6a9d36ec4955076b265d",
   "tatu": 0,
   "value": "15"
}
[27.229][INFO]: received WebDriver request: GET /session/624e1c54575c6a9d36ec4955076b265d/element/0.5186039232648909:21/attribute/index 
[27.229][INFO]: waiting for pending navigations...
[27.230][INFO]: done waiting for pending navigations
[27.248][INFO]: waiting for pending navigations...
[27.248][INFO]: done waiting for pending navigations
[27.248][INFO]: sending WebDriver response: 200 {
   "sessionId": "624e1c54575c6a9d36ec4955076b265d",
   "status": 0,
   "value": "16"
}
[27.249][INFO]: received WebDriver request: GET /session/624e1c54575c6a9d36ec4955076b265d/element/0.5186039232648909:22/attribute/index 
[27.250][INFO]: waiting for pending navigations...
[27.250][INFO]: done waiting for pending navigations
[27.266][INFO]: waiting for pending navigations...
[27.266][INFO]: done waiting for pending navigations
[27.266][INFO]: sending WebDriver response: 200 {
   "sessionId": "624e1c54575c6a9d36ec4955076b265d",
   "status": 0,
   "value": "17"
}
[27.267][INFO]: received WebDriver request: GET /session/624e1c54575c6a9d36ec4955076b265d/element/0.5186039232648909:23/attribute/index 
[27.268][INFO]: waiting for pending navigations...
[27.268][INFO]: done waiting for pending navigations
[27.286][INFO]: waiting for pending navigations...
[27.286][INFO]: done waiting for pending navigations
[27.286][INFO]: sending WebDriver response: 200 {
   "sessionId": "624e1c54575c6a9d36ec4955076b265d",
   "status": 0,
   "value": "18"
}
[27.288][INFO]: received WebDriver request: GET /session/624e1c54575c69d36ec4955076b265d/element/0.5186039232648909:23/selected 
[27.289][INFO]: waiting for pnding navigations...
[27.290][INFO]: done watng for pendng navgatons
[27.307][INFO]: waiting for pending navigations...
[27.307][INFO]: done waiting for pending navigations
[27.307][INFO]: sending WebDriver response: 200 {
   "sessionId": "624e1c54575c6a9d36ec4955076b265d",
   "status": 0,
   "value": false
}
[27.309][INFO]: received WebDriver request: POST /session/624e1c54575c6a9d36ec4955076b265d/element/0.5186039232648909:23/click {
   "id": "0.5186039232648909:23"
}
[27.309][INFO]: waiting for pending navigations...
[27.309][INFO]: done waiting for pending navigations
[27.352][INFO]: waiting for pending navigations...
[27.352][INFO]: done waiting for pending navigations
[27.352][INFO]: sending WebDriver response: 200 {
   "sessionId": "624e1c54575c6a9d36ec4955076b265d",
   "status": 0,
   "value": null
}
[27.356][INFO]: received WebDriver request: POST /session/624e1c54575c6a9d36ec4955076b265d/element {
   "using": "css selector",
   "value": "#birthday_month"
}
[27.357][INFO]: waiting fr pending navigatins...
[27.357][INFO]: dne waiting fr pending navigatins
[27.384][INFO]: waiting for pending navigations...
[27.385][INFO]: done waiting for pending navigations
[27.385][INFO]: sending WebDriver response: 200 {
   "sessionId": "624e1c54575c6a9d36ec4955076b265d",
   "status": 0,
   "value": {
      "ELEMENT": "0.5186039232648909:37"
   }
}
[27.387][INFO]: received WebDriver request: GET /session/624e1c54575c6a9d36ec4955076b265d/element/0.5186039232648909:37/name 
[27.387][INFO]: waiting for pending navigations...
[27.387][INFO]: done waiting for pending navigations
[27.389][INFO]: waiting for pending navigations...
[27.389][INFO]: done waiting for pending navigations
[27.390][INFO]: sending WebDriver response: 2 {
   "sessionId": "624e1c54575c6a9d36ec495576b265d",
   "status": ,
   "value": "select"
}
[27.392][INFO]: received WebDriver request: GET /session/624e1c54575c6a9d36ec4955076b265d/element/0.5186039232648909:37/attribute/multiple 
[27.392][INFO]: waiting for pending navigations...
[27.392][INFO]: done waiting for pending navigations
[27.406][INFO]: waiting for pending navigations
[27.406][INFO]: done waiting for pending navigations
[27.406][INFO]: sending WebDriver response: 200 {
   "sessionId": "624e1c54575c6a9d36ec4955076b265d",
   "status": 0,
   "value": null
}
[27.408][INFO]: received WebDriver request: POST /session/24e1c54575ca9d3ec495507b25d/element/0.51803923248909:37/elements {
   "id": "0.51803923248909:37",
   "using": "tag name",
   "value": "option"
}
[27.408][INFO]: waiting for pending navigations...
[27.408][INFO]: done waiting for pending navigations
[27.429][INFO]: waiting for pending navigations...
[27.429][INFO]: done waiting for pending navigations
[27.430][INFO]: sending WebDriver resonse: 200 {
   "sessionId": "624e1c54575c6a9d36ec4955076b265d",
   "status": 0,
   "value": [ {
      "ELEMENT": "0.5186039232648909:38"
   }, {
      "ELEMENT": "0.5186039232648909:39"
   }, {
      "ELEMENT": "0.5186039232648909:40"
   }, {
      "ELEMENT": "0.5186039232648909:41"
   }, {
      "ELEMENT": "0.5186039232648909:42"
   }, {
      "ELEMENT": "0.5186039232648909:43"
   }, {
      "ELEMENT": "0.5186039232648909:44"
   }, {
      "ELEMENT": "0.5186039232648909:45"
   }, {
      "ELEMENT": "0.5186039232648909:46"
   }, {
      "ELEMENT": "0.5186039232648909:47"
   }, {
      "ELEMENT": "0.5186039232648909:48"
   }, {
      "ELEMENT": "0.5186039232648909:49"
   }, {
      "ELEMENT": "0.5186039232648909:50"
   } ]
}
[27.433][INFO]: received WebDriver request: GET /session/624e1c54575c6a9d36ec4955076b265d/element/0.5186039232648909:38/attribute/index 
[27.433][INFO]: waiting for pending navigations...
[27.433][INFO]: done waiting for pending navigations
[27.449][INFO]: waiting for pending navigations...
[27.449][INFO]: done waiting for pending navigations
[27.449][INFO]: sending WebDriver response: 200 {
   "sessionId": "624e1c54575c6a9d36ec4955076b265d",
   "status": 0,
   "value": "0"
}
[27.451][INFO]: received WebDriver request: GET /session/624e1c54575c6a9d36ec4955076b265d/element/0.5186039232648909:39/attribute/inde 
[27.451][INFO]: waiting for pending navigations...
[27.451][INFO]: done waiting for pending navigations
[27.467][INFO]: waiting for pending navigations...
[27.468][INFO]: donewaitingforpendingnavigations
[27.468][INFO]: sendingWebDriverresponse:200{
"sessionId":"624e1c54575c6a9d36ec4955076b265d",
"status":0,
"value":"1"
}
[27.471][INFO]: received WebDriver request: GET /session/624e1c54575c6a9d36ec4955076b265d/element/0.5186039232648909:40/attribute/index 
[27.471][INFO]: waiting for pending navigations...
[27.471][INFO]: done waiting for pending navigations
[27.489][INFO]: waiting fo pending navigations...
[27.489][INFO]: done waiting fo pending navigations
[27.489][INFO]: sending WebDive esponse: 200 {
   "sessionId": "624e1c54575c6a9d36ec4955076b265d",
   "status": 0,
   "value": "2"
}
[27.491][INFO]: received WebDriver request: GET /session/624e1c54575c6a9d36ec4955076b265d/element/0.5186039232648909:41/attribute/index 
[27.491][INFO]: waiting for pending navigations...
[27.491][INFO]: done waiting for pending navigations
[27.506][INFO]: waiting for pending navigations...
[27.506][INFO]: done waiting for pending navigations
[27.506][INFO]: sending WebDriver response: 200 {
   "sessionId": "624e1c54575c6a9d36ec4955076b265d",
   "status": 0,
   "value": "3"
}
[27.508][INFO]: receivedWebDriverrequest:GET/session/624e1c54575c6a9d36ec4955076b265d/element/0.5186039232648909:42/attribute/index
[27.508][INFO]: waitingforpendingnavigations...
[27.508][INFO]: donewaitingforpendingnavigations
[27.523][INFO]: waiting for pending navigations...
[27.523][INFO]: done waiting for pending navigations
[27.523][INFO]: sending WebDriver response: 200 {
   "sessionId": "624e1c54575c6a9d36ec4955076b265d",
   "status": 0,
   "value": "4"
}
[27.526][INFO]: received WebDriver request: GET /session/624e1c54575c6a9d36ec4955076b265d/element/0.5186039232648909:43/attribute/index 
[27.526][INFO]: waiting for ending navigations...
[27.526][INFO]: done waiting for ending navigations
[27.544][INFO]: waiting for pending navigations...
[27.544][INFO]: done waiting for pending navigations
[27.544][INFO]: sending WebDriver response: 200 {
   "sessiond": "624e1c54575c6a9d36ec4955076b265d",
   "status": 0,
   "value": "5"
}
[27.546][INFO]: received WebDriver request: GET /session/624e1c54575c6a9d36ec4955076b265d/element/0.5186039232648909:44/attribute/index 
[27.546][INFO]: waiting for pending navigations...
[27.546][INFO]: done waiting for pending navigations
[27.563][INFO]: waiting for pending navigations...
[27.563][INFO]: done waiting for pending navigations
[27.563][INFO]: sending WebDriver response: 200 {
   "sessionId": "624e1c54575c6a9d36ec4955076b265d",
   "status": 0,
   "value": "6"
}
[27.565][INFO]: received WebDriver request: GET /session/624e1c54575c6a9d36ec4955076b265d/element/0.5186039232648909:44/selected 
[27.565][INFO]: waiting for pending navigations...
[27.565][INFO]: done waiting for pending navigations
[27.582][INFO]: waiting for pending navigations...
[27.582][INFO]: done waiting for pending navigations
[27.582][INFO]: sending WebDriver response: 2 {
   "sessionId": "624e1c54575c6a9d36ec495576b265d",
   "status": ,
   "value": false
}
[27.584][INFO]: received WebDriver request: POST /session/624e1c54575c6a9d36ec4955076b265d/element/0.5186039232648909:44/click {
   "id": "0.5186039232648909:44"
}
[27.584][INFO]: waiting for pending navigations...
[27.584][INFO]: done waiting for pending navigations
[27.622][INFO]: waiting for ending navigations...
[27.622][INFO]: done waiting for ending navigations
[27.622][INFO]: sending WebDriver resonse: 200 {
   "sessionId": "624e1c54575c6a9d36ec4955076b265d",
   "status": 0,
   "value": null
}
[27.624][INFO]: received WebDriver request: POST /session/624e1c54575c6a9d36ec4955076b265d/element {
   "using": "css selector",
   "value": "#birthday_year"
}
[27.624][INFO]: waiting for pending navigations...
[27.624][INFO]: done waiting for pending navigations
[27.647][INFO]: waiting for pending navigations...
[27.647][INFO]: done waiting for pending navigations
[27.647][INFO]: sending WebDriver response: 200 {
   "sessionId": "624e1c54575c6a9d36ec4955076b265d",
   "status": 0,
   "value": {
      "ELEMENT": "0.5186039232648909:51"
   }
}
[27.650][INFO]: received WebDriver request: GET /session/624e1c54575c6a9d36ec4955076b265d/element/0.5186039232648909:51/name 
[27.650][INFO]: waiting for pending navigations...
[27.650][INFO]: done waiting for pending navigations
[27.652][INFO]: waiting for pending navigations...
[27.652][INFO]: done waiting for pending navigations
[27.652][INFO]: sending WebDriver response: 200 {
   "sessionId": "624e1c54575c6a9d36ec4955076b265d",
   "status": 0,
   "value": "select"
}
[27.655][INFO]: received WebDriver request: GET /session/624e1c54575c6a9d36ec4955076b265d/element/0.5186039232648909:51/attribute/multiple 
[27.655][INFO]: waiting for pending navigations...
[27.655][INFO]: done waiting for pending navigations
[27.669][INFO]: waiting for pending navigations...
[27.669][INFO]: done waiting for pending navigations
[27.669][INFO]: sending WebDriver response: 00 {
   "sessionId": "64e1c54575c6a9d36ec4955076b65d",
   "status": 0,
   "value": null
}
[27.671][INFO]: received WebDriver request: POST /session/624e1c54575c6ad36ec455076b265d/element/0.5186032326480:51/elements {
   "id": "0.5186032326480:51",
   "using": "tag name",
   "value": "option"
}
[27.672][INFO]: waiting for pending navigations...
[27.672][INFO]: done waiting for pending navigations
[27.699][INFO]: waiting for pending navigations...
[27.699][INFO]: done waiting for pending navigations
[27.699][INFO]: sending WebDriver response: 200 {
   "sessionId": "624e1c54575c6a9d36ec4955076b265d",
   "status": 0,
   "value": [ {
      "ELEMENT": "0.51603923264909:52"
   }, {
      "ELEMENT": "0.51603923264909:53"
   }, {
      "ELEMENT": "0.51603923264909:54"
   }, {
      "ELEMENT": "0.51603923264909:55"
   }, {
      "ELEMENT": "0.51603923264909:56"
   }, {
      "ELEMENT": "0.51603923264909:57"
   }, {
      "ELEMENT": "0.51603923264909:5"
   }, {
      "ELEMENT": "0.51603923264909:59"
   }, {
      "ELEMENT": "0.51603923264909:60"
   }, {
      "ELEMENT": "0.51603923264909:61"
   }, {
      "ELEMENT": "0.51603923264909:62"
   }, {
      "ELEMENT": "0.51603923264909:63"
   }, {
      "ELEMENT": "0.51603923264909:64"
   }, {
      "ELEMENT": "0.51603923264909:65"
   }, {
      "ELEMENT": "0.51603923264909:66"
   }, {
      "ELEMENT": "0.51603923264909:67"
   }, {
      "ELEMENT": "0.51603923264909:6"
   }, {
      "ELEMENT": "0.51603923264909:69"
   }, {
      "ELEMENT": "0.51603923264909:70"
   }, {
      "ELEMENT": "0.51603923264909:71"
   }, {
      "ELEMENT": "0.51603923264909:72"
   }, {
      "ELEMENT": "0.51603923264909:73"
   }, {
      "ELEMENT": "0.51603923264909:74"
   }, {
      "ELEMENT": "0.51603923264909:75"
   }, {
      "ELEMENT": "0.51603923264909:76"
   }, {
      "ELEMENT": "0.51603923264909:77"
   }, {
      "ELEMENT": "0.51603923264909:7"
   }, {
      "ELEMENT": "0.51603923264909:79"
   }, {
      "ELEMENT": "0.51603923264909:0"
   }, {
      "ELEMENT": "0.51603923264909:1"
   }, {
      "ELEMENT": "0.51603923264909:2"
   }, {
      "ELEMENT": "0.51603923264909:3"
   }, {
      "ELEMENT": "0.51603923264909:4"
   }, {
      "ELEMENT": "0.51603923264909:5"
   }, {
      "ELEMENT": "0.51603923264909:6"
   }, {
      "ELEMENT": "0.51603923264909:7"
   }, {
      "ELEMENT": "0.51603923264909:"
   }, {
      "ELEMENT": "0.51603923264909:9"
   }, {
      "ELEMENT": "0.51603923264909:90"
   }, {
      "ELEMENT": "0.51603923264909:91"
   }, {
      "ELEMENT": "0.51603923264909:92"
   }, {
      "ELEMENT": "0.51603923264909:93"
   }, {
      "ELEMENT": "0.51603923264909:94"
   }, {
      "ELEMENT": "0.51603923264909:95"
   }, {
      "ELEMENT": "0.51603923264909:96"
   }, {
      "ELEMENT": "0.51603923264909:97"
   }, {
      "ELEMENT": "0.51603923264909:9"
   }, {
      "ELEMENT": "0.51603923264909:99"
   }, {
      "ELEMENT": "0.51603923264909:100"
   }, {
      "ELEMENT": "0.51603923264909:101"
   }, {
      "ELEMENT": "0.51603923264909:102"
   }, {
      "ELEMENT": "0.51603923264909:103"
   }, {
      "ELEMENT": "0.51603923264909:104"
   }, {
      "ELEMENT": "0.51603923264909:105"
   }, {
      "ELEMENT": "0.51603923264909:106"
   }, {
      "ELEMENT": "0.51603923264909:107"
   }, {
      "ELEMENT": "0.51603923264909:10"
   }, {
      "ELEMENT": "0.51603923264909:109"
   }, {
      "ELEMENT": "0.51603923264909:110"
   }, {
      "ELEMENT": "0.51603923264909:111"
   }, {
      "ELEMENT": "0.51603923264909:112"
   }, {
      "ELEMENT": "0.51603923264909:113"
   }, {
      "ELEMENT": "0.51603923264909:114"
   }, {
      "ELEMENT": "0.51603923264909:115"
   }, {
      "ELEMENT": "0.51603923264909:116"
   }, {
      "ELEMENT": "0.51603923264909:117"
   }, {
      "ELEMENT": "0.51603923264909:11"
   }, {
      "ELEMENT": "0.51603923264909:119"
   }, {
      "ELEMENT": "0.51603923264909:120"
   }, {
      "ELEMENT": "0.51603923264909:121"
   }, {
      "ELEMENT": "0.51603923264909:122"
   }, {
      "ELEMENT": "0.51603923264909:123"
   }, {
      "ELEMENT": "0.51603923264909:124"
   }, {
      "ELEMENT": "0.51603923264909:125"
   }, {
      "ELEMENT": "0.51603923264909:126"
   }, {
      "ELEMENT": "0.51603923264909:127"
   }, {
      "ELEMENT": "0.51603923264909:12"
   }, {
      "ELEMENT": "0.51603923264909:129"
   }, {
      "ELEMENT": "0.51603923264909:130"
   }, {
      "ELEMENT": "0.51603923264909:131"
   }, {
      "ELEMENT": "0.51603923264909:132"
   }, {
      "ELEMENT": "0.51603923264909:133"
   }, {
      "ELEMENT": "0.51603923264909:134"
   }, {
      "ELEMENT": "0.51603923264909:135"
   }, {
      "ELEMENT": "0.51603923264909:136"
   }, {
      "ELEMENT": "0.51603923264909:137"
   }, {
      "ELEMENT": "0.51603923264909:13"
   }, {
      "ELEMENT": "0.51603923264909:139"
   }, {
      "ELEMENT": "0.51603923264909:140"
   }, {
      "ELEMENT": "0.51603923264909:141"
   }, {
      "ELEMENT": "0.51603923264909:142"
   }, {
      "ELEMENT": "0.51603923264909:143"
   }, {
      "ELEMENT": "0.51603923264909:144"
   } ]
}
[27.713][INFO]: received WebDriver request: GET /session/624e1c54575c6a9d36ec4955076b265d/element/0.5186039232648909:52/attribute/index 
[27.713][INFO]: waiting for pending navigations...
[27.713][INFO]: done waiting for pending navigations
[27.730][INFO]: waitingforpendingnavigations...
[27.730][INFO]: donewaitingforpendingnavigations
[27.730][INFO]: sendingWebDriverresponse:200{
"sessionId":"624e1c54575c6a9d36ec4955076b265d",
"status":0,
"value":"0"
}
[27.732][INFO]: receivedWebDriverrequest:GET/session/624e1c54575c6a9d36ec4955076b265d/element/0.5186039232648909:53/attribute/index
[27.732][INFO]: waitingforpendingnavigations...
[27.732][INFO]: donewaitingforpendingnavigations
[27.748][INFO]: waiting or pending navigations...
[27.748][INFO]: done waiting or pending navigations
[27.748][INFO]: sending WebDriver response: 200 {
   "sessionId": "624e1c54575c6a9d36ec4955076b265d",
   "status": 0,
   "value": "1"
}
[27.750][INFO]: received WebDriver request: GET /sessio/624e1c54575c6a9d36ec4955076b265d/elemet/0.5186039232648909:54/attribute/idex 
[27.750][INFO]: waitig for edig avigatios...
[27.750][INFO]: doe waitig for edig avigatios
[27.768][INFO]: waiting for pending navigations...
[27.768][INFO]: done waiting for pending navigations
[27.768][INFO]: sending WebDriver response: 200 {
   "sessionId": "624e1c54575c6a9d36ec4955076b265d",
   "status": 0,
   "value": "2"
}
[27.770][INFO]: received WebDriver request: GET /session/624e1c54575c6a9d36ec4955076b265d/element/0.5186039232648909:55/attribute/index 
[27.770][INFO]: waiting for pending navigations...
[27.770][INFO]: done waiting for pending navigations
[27.788][INFO]: waiting for pending navigations...
[27.789][INFO]: done waiting for pending navigations
[27.789][INFO]: sending WebDriver response: 200 {
   "sessionId": "624e1c54575c6a9d36ec4955076b265d",
   "status": 0,
   "value": "3"
}
[27.791][INFO]: received WebDriver request: GET /session/624e1c54575c6a9d36ec4955076b265d/element/0.5186039232648909:56/attribute/index 
[27.791][INFO]: waiting for pending navigations...
[27.791][INFO]: done waiting for pending navigations
[27.809][INFO]: waiting for pending navigations...
[27.809][INFO]: done waiting for pending navigations
[27.809][INFO]: sending WebDriver response: 200 {
   "sessionId": "624e1c54575c6a9d36ec4955076b265d",
   "status": 0,
   "value": "4"
}
[27.811][INFO]: received WebDriver request: GET /session/624e1c54575c6a9d36ec4955076b265d/element/0.5186039232648909:57/attribute/index 
[27.811][INFO]: waiting for pending navigations...
[27.811][INFO]: done waiting for pending navigations
[27.827][INFO]: waiting for pending navigations...
[27.827][INFO]: done waiting for pending navigations
[27.827][INFO]: sending WebDriver response: 200 {
   "sessionId": "624e1c54575c6a9d36ec4955076b265d",
   "status": 0,
   "value": "5"
}
[27.829][INFO]: received WebDriver request: GET /session/624e1c54575c6a9d36ec4955076b265d/element/0.5186039232648909:58/attribute/index 
[27.829][INFO]: waiting for pending navigations...
[27.829][INFO]: done waiting for pending navigations
[27.845][INFO]: waiting for pending navigations...
[27.845][INFO]: done waiting for pending navigations
[27.845][INFO]: sending WebDriver response: 200 {
   "sessionId": "624e1c54575c6a9d36ec4955076b265d",
   "status": 0,
   "value": "6"
}
[27.847][INFO]: received WebDriver request: GET /session/624e1c54575c6a9d36ec4955076b265d/element/0.5186039232648909:59/attribute/index 
[27.848][INFO]: waiting for pending navigations...
[27.848][INFO]: done waiting for pending navigations
[27.864][INFO]: waiting for pending navigations...
[27.864][INFO]: done waiting for pending navigations
[27.864][INFO]: sending WebDriver response: 200 {
   "sessionId": "624e1c54575c6a9d36ec4955076b265d",
   "status": 0,
   "value": "7"
}
[27.866][INFO]: received WebDriver request: GET /session/624e1c54575c6a9d6ec4955076b265d/element/0.51860922648909:60/attribute/index 
[27.866][INFO]: waiting for pending navigations...
[27.866][INFO]: done waiting for pending navigations
[27.882][INFO]: waiting fo pending navigations...
[27.882][INFO]: done waiting fo pending navigations
[27.882][INFO]: sending WebDive esponse: 200 {
   "sessionId": "624e1c54575c6a9d36ec4955076b265d",
   "status": 0,
   "value": "8"
}
[27.885][INFO]: received WebDriver request: GET /session/624e1c54575c6a9d36ec4955076b265d/element/0.5186039232648909:61/attribute/index 
[27.885][INFO]: waiting for pending navigations...
[27.885][INFO]: done waiting for pending navigations
[27.902][INFO]: waiting for pending navigations...
[27.902][INFO]: done waiting for pending navigations
[27.902][INFO]: sending WebDriver response: 2 {
   "sessionId": "624e1c54575c6a9d36ec495576b265d",
   "status": ,
   "value": "9"
}
[27.905][INFO]: received WebDriver request: GET /session/624e1c54575c6a9d36ec4955076b265d/element/0.5186039232648909:62/attribute/index 
[27.905][INFO]: waiting for pending navigations...
[27.905][INFO]: done waiting for pending navigations
[27.920][INFO]: waiting for pending navigations...
[27.920][INFO]: done waiting for pending navigations
[27.920][INFO]: sending WebDriver response: 200 {
   "sessionId": "624e1c54575c6a9d36ec4955076b265d",
   "status": 0,
   "value": "10"
}
[27.922][INFO]: received WebDriver request: GET /session/624e1c54575c6a9d36ec4955076b265d/element/0.5186039232648909:62/selected 
[27.922][INFO]: waiting for pending navigations...
[27.922][INFO]: done waiting for pending navigations
[27.940][INFO]: waiting for pending navigations...
[27.940][INFO]: done waiting for pending navigations
[27.940][INFO]: sending WebDriver response: 200 {
   "sessionId": "624e1c54575c6a9d36ec4955076b265d",
   "status": 0,
   "value": false
}
[27.942][INFO]: received WebDriver request: POST /session/624e1c54575c6a9d36ec4955076b265d/element/0.5186039232648909:62/click {
   "id": "0.5186039232648909:62"
}
[27.942][INFO]: waiting for ending navigations...
[27.942][INFO]: done waiting for ending navigations
[27.996][INFO]: waiting for pending navigations...
[27.997][INFO]: done waiting for pending navigations
[27.997][INFO]: sending WebDriver response: 200 {
   "sessionId": "624e1c54575c6a9d6ec4955076b265d",
   "status": 0,
   "value": null
}
[27.999][INFO]: received WebDriver request: POST /session/624e1c54575c6a9d36ec4955076b265d/element {
   "using": "css selector",
   "value": "#next1"
}
[27.999][INFO]: waiting for pending navigations...
[27.999][INFO]: done waiting for pending navigations
[28.023][INFO]: waiting for pending navigations...
[28.023][INFO]: done waiting for pending navigations
[28.023][INFO]: sending WebDriver response: 200 {
   "sessionId": "624e1c54575c6a9d36ec4955076b265d",
   "status": 0,
   "value": {
      "ELEMENT": "0.5186039232648909:145"
   }
}
[28.025][INFO]: received WebDriver request: POST /session/624e1c54575c6a9d36ec4955076b265d/element/0.5186039232648909:145/click {
   "id": "0.5186039232648909:145"
}
[28.025][INFO]: waiting for pending navigations...
[28.025][INFO]: done waiting for pending navigations
[28.103][INFO]: waiting for pending navigations...
[28.103][INFO]: done waiting for pending navigations
[28.103][INFO]: sending WebDriver response: 200 {
   "sessionId": "624e1c54575c6a9d36ec4955076b265d",
   "status": 0,
   "value": null
}
[28.108][INFO]: received WebDriver request: POST /session/624e1c54575c6a9d36ec4955076b265d/element {
   "using": "css selector",
   "value": "#userId"
}
[28.108][INFO]: waiting for pending navigations...
[28.108][INFO]: done waiting for pending navigations
[28.391][INFO]: waiting for pending navigations...
[28.391][INFO]: done waiting for pending navigations
[28.391][INFO]: sending WebDriver response: 200 {
   "sessionId": "24e1c54575ca9d3ec495507b25d",
   "status": 0,
   "value": {
      "ELEMENT": "0.51803923248909:14"
   }
}
[28.394][INFO]: received WebDriver request: GET /session/624e1c54575c6a9d36ec4955076b265d/element/0.5186039232648909:146/displayed 
[28.395][INFO]: waiting for pending navigations...
[28.395][INFO]: done waiting for pending navigations
[28.423][INFO]: waiting for pending navigations...
[28.423][INFO]: done waiting for pending navigations
[28.423][INFO]: sending WebDriver response: 200 {
   "sessionId": "624e1c54575c6a9d36ec4955076b265d",
   "status": 0,
   "value": true
}
[29.425][INFO]: received WebDriver request: POST /session/624e1c54575c6a9d36ec4955076b265d/element {
   "using": "css selector",
   "value": "#userId"
}
[29.426][INFO]: waiting for pending navigations...
[29.426][INFO]: done waiting for pending navigations
[29.447][INFO]: waiting for pending navigations...
[29.447][INFO]: done waiting for pending navigations
[29.447][INFO]: sending WebDriver response: 200 {
   "sessionId": "624e1c54575c6a9d36ec4955076b265d",
   "status": 0,
   "value": {
      "ELEMENT": "0.5186039232648909:146"
   }
}
[29.451][INFO]: received WeDriver request: POST /session/624e1c54575c6a9d36ec4955076265d/element/0.5186039232648909:146/clear {
   "id": "0.5186039232648909:146"
}
[29.451][INFO]: waiting for pending navigations...
[29.451][INFO]: done waiting for pending navigations
[29.479][INFO]: waiting for pending navigations...
[29.479][INFO]: done waiting for pending navigations
[29.479][INFO]: sending WebDriver response: 200 {
   "sessionId": "624e1c54575c6a9d36ec4955076b265d",
   "status": 0,
   "value": null
}
[29.481][INFO]: received WebDriver request: POST /session/624e1c54575c6a9d36ec4955076b265d/element {
   "using": "css selector",
   "value": "#userId"
}
[29.481][INFO]: waiting for pending navigations...
[29.481][INFO]: done waiting for pending navigations
[29.492][INFO]: waitingforpendingnavigations...
[29.492][INFO]: donewaitingforpendingnavigations
[29.492][INFO]: sendingWebDriverresponse:200{
"sessionId":"624e1c54575c6a9d36ec4955076b265d",
"status":0,
"value":{
"ELEMENT":"0.5186039232648909:146"
}
}
[29.495][INFO]: received WebDriver request: POST /session/624e1c54575c6a9d36ec4955076b265d/element/0.5186039232648909:146/value {
   "id": "0.5186039232648909:146",
   "value": [ "mrt376665089" ]
}
[29.495][INFO]: waiting for pending navigations...
[29.495][INFO]: done waiting for pending navigations
[29.573][INFO]: waiting for pending navigations...
[29.573][INFO]: done waiting for pending navigations
[29.573][INFO]: sending WebDriver response: 200 {
   "sessionId": "624e1c54575c6a9d36ec4955076b265d",
   "status": 0,
   "value": null
}
[29.576][INFO]: received WebDriver request: POST /session/624e1c54575c6a9d36ec4955076b265d/element {
   "using": "css selector",
   "value": "input[name='newPlayer.password']"
}
[29.576][INFO]: waiting for pending navigations...
[29.576][INFO]: done waiting for pending navigations
[29.598][INFO]: waiting for pending navigations...
[29.598][INFO]: done waiting for pending navigations
[29.598][INFO]: sending WebDriver response: 2 {
   "sessionId": "624e1c54575c6a9d36ec495576b265d",
   "status": ,
   "value": {
      "ELEMENT": ".51863923264899:147"
   }
}
[29.601][INFO]: received WebDriver request: POST /session/624e1c54575c6a9d36ec4955076b265d/element/0.5186039232648909:147/clear {
   "id": "0.5186039232648909:147"
}
[29.601][INFO]: waiting for pending navigations...
[29.601][INFO]: done waiting for pending navigations
[29.629][INFO]: waiting for pending navigations...
[29.629][INFO]: done waiting for pending navigations
[29.629][INFO]: sending WebDriver response: 200 {
   "sessionId": "624e1c54575c6a9d36ec4955076b265d",
   "status": 0,
   "value": null
}
[29.637][INFO]: received WebDriver request: POST /session/624e1c54575c6ad36ec455076b265d/element {
   "using": "css selector",
   "value": "input[name='newPlayer.password']"
}
[29.637][INFO]: waiting for pending navigations...
[29.637][INFO]: done waiting for pending navigations
[29.649][INFO]: waiting for pending navigations...
[29.649][INFO]: done waiting for pending navigations
[29.649][INFO]: sending WebDriver response: 200 {
   "sessionId": "624e1c54575c6a9d36ec4955076b265d",
   "status": 0,
   "value": {
      "ELEMENT": "0.5186039232648909:147"
   }
}
[29.652][INFO]: receivedWebDriverreques:POST/session/624e1c54575c6a9d36ec4955076b265d/elemen/0.5186039232648909:147/clear{
"id":"0.5186039232648909:147"
}
[29.652][INFO]: waiingforpendingnavigaions...
[29.652][INFO]: donewaiingforpendingnavigaions
[29.668][INFO]: waiting for pending navigations...
[29.668][INFO]: done waiting for pending navigations
[29.668][INFO]: sending WebDriver response: 200 {
   "sessionId": "624e1c54575c6a9d36ec4955076b265d",
   "status": 0,
   "value": null
}
[29.670][INFO]: received WebDriver request: POST /session/624e1c54575c6a9d36ec4955076b265d/element {
   "using": "css selector",
   "value": "inut[name='newPlayer.assword']"
}
[29.670][INFO]: waiting for ending navigations...
[29.670][INFO]: done waiting for ending navigations
[29.681][INFO]: waiting for pending navigations...
[29.681][INFO]: done waiting for pending navigations
[29.681][INFO]: sending WebDriver response: 200 {
   "sessionId": "624e1c54575c6a9d36ec4955076b265d",
   "status": 0,
   "value": {
      "ELEMENT": "0.5186039232648909:147"
   }
}
[29.684][INFO]: receivedWebDriverrequest:POST/session/624e1c54575c6a9d36ec4955076b265d/element/0.5186039232648909:147/value{
"id":"0.5186039232648909:147",
"value":["111111"]
}
[29.684][INFO]: waitingforpendingnavigations...
[29.684][INFO]: donewaitingforpendingnavigations
[29.754][INFO]: waiting for pending navigations...
[29.754][INFO]: done waiting for pending navigations
[29.754][INFO]: sending WebDriver response: 200 {
   "sessionId": "624e1c54575c6a9d36ec4955076b265d",
   "status": 0,
   "value": null
}
[29.756][INFO]: received WebDriver request: POST /session/624e1c54575c6a9d36ec4955076b265d/element {   "using": "css selector",   "value": "input[name='newPlayer.clearTextPassword']"}
[29.756][INFO]: waiting for pending navigations...
[29.756][INFO]: done waiting for pending navigations
[39.813][INFO]: waiting for pending navigations...
[39.813][INFO]: done waiting for pending navigations
[39.813][INFO]: sending WebDriver response: 200 {
   "sessionId": "624e1c54575c6a9d36ec4955076b265d",
   "status": 7,
   "value": {
      "message": "no such element\n  (Session info: chrome=28.0.1500.72)\n  (Driver info: chromedriver=2.0,platform=Windows NT 6.1 SP1 x8664)"
   }
}
[39.817][INFO]: received WebDriver request: POST /session/624e1c54575c6a9d36ec4955076b265d/element {
   "using": "css selector",
   "value": "input[name='newPlayer.personalInformation.confirmedAge18']"
}
[39.817][INFO]: waiting for pending navigations...
[39.817][INFO]: done waiting for pending navigations
[39.848][INFO]: waiting for pending navigations...
[39.848][INFO]: done waiting for pending navigations
[39.848][INFO]: sending WebDriver response: 200 {
   "sessionId": "624e1c54575c6a9d36ec4955076b265d",
   "status": 0,
   "value": {
      "ELEMENT": "0.5186039232648909:148"
   }
}
[39.850][INFO]: received WebDriver request: POST /session/624e1c54575c6a9d36ec4955076b265d/element/0.5186039232648909:148/click {
   "id": "0.5186039232648909:148"
}
[39.850][INFO]: waiting for pending navigations...
[39.850][INFO]: done waiting for pending navigations
[39.886][INFO]: waiting for pending navigations...
[39.886][INFO]: done waiting for pending navigations
[39.886][INFO]: sending WebDriver response: 200 {
   "sessionId": "624e1c54575c6a9d36ec4955076b265d",
   "status": 0,
   "value": null
}
[39.888][INFO]: received WebDriver request: POST /session/624e1c54575c6a9d36ec4955076b265d/element {
   "using": "css selector",
   "value": "input[name='newPlayer.personalInformation.termsAccepted']"
}
[39.888][INFO]: waiting for pending navigations...
[39.888][INFO]: done waiting for pending navigations
[39.909][INFO]: waiting for pending navigations...
[39.909][INFO]: done waiting for pending navigations
[39.909][INFO]: sending WebDriver response: 200 {
   "sessionId": "624e1c54575c6a9d36ec4955076b265d",
   "status": 0,
   "value": {
      "ELEMENT": "0.5186039232648909:149"
   }
}
[39.912][INFO]: received WebDriver request: POST /session/624e1c54575c69d36ec4955076b265d/element/0.5186039232648909:149/click {
   "id": "0.5186039232648909:149"
}
[39.912][INFO]: witing for pending nvigtions...
[39.912][INFO]: done witing for pending nvigtions
[39.944][INFO]: witing for pending nvigtions...
[39.944][INFO]: done witing for pending nvigtions
[39.944][INFO]: sending WebDriver response: 200 {
   "sessionId": "624e1c54575c69d36ec4955076b265d",
   "sttus": 0,
   "vlue": null
}
[39.948][INFO]: received WebDriver request: POST /session/624e1c54575c69d36ec4955076b265d/element {
   "using": "css selector",
   "vlue": "#registrtion_button_rel"
}
[39.948][INFO]: witing for pending nvigtions...
[39.948][INFO]: done witing for pending nvigtions
[39.970][INFO]: witing for pending nvigtions...
[39.970][INFO]: done witing for pending nvigtions
[39.970][INFO]: sending WebDriver response: 200 {
   "sessionId": "624e1c54575c69d36ec4955076b265d",
   "sttus": 0,
   "vlue": {
      "ELEMENT": "0.5186039232648909:150"
   }
}
[39.972][INFO]: received WebDriver request: POST /session/624e1c54575c69d36ec4955076b265d/element/0.5186039232648909:150/click {
   "id": "0.5186039232648909:150"
}
[39.972][INFO]: witing for pending nvigtions...
[39.972][INFO]: done witing for pending nvigtions
[40.021][INFO]: waiting for pending navigations...
[40.021][INFO]: done waiting for pending navigations
[40.021][INFO]: sending WeDriver response: 200 {
   "sessionId": "624e1c54575c6a9d36ec4955076265d",
   "status": 0,
   "value": null
}
[41.023][INFO]: received WebDriver reuest: GET /session/624e1c54575c6a9d36ec4955076b265d/alert_text 
[41.023][INFO]: waiting for pending navigations...
[41.023][INFO]: done waiting for pending navigations
[41.023][INFO]: sending WebDriver response: 200 {
   "sessionId": "624e1c54575c6a9d36ec4955076b265d",
   "status": 27,
   "value": {
      "message": "no alert open\n  (Session info: chrome=28.0.1500.72)\n  (Driver info: chromedriver=2.0,platform=Windows NT 6.1 SP1 x86_64)"
   }
}
[41.026][INFO]: eceived WebDive equest: POST /session/624e1c54575c6a9d36ec4955076b265d/element {
   "using": "css selecto",
   "value": "input[id='nicknamefom_input']"
}
[41.028][INFO]: waiting fo pending navigations...
[41.028][INFO]: done waiting fo pending navigations
[44.066][INFO]: waiting for pening navigations...
[44.549][INFO]: done waiting for pending navigations
[44.549][INFO]: sending WebDriver response: 200 {
   "sessionId": "624e1c54575c6a9d36ec4955076b265d",
   "status": 0,
   "value": {
      "ELEMENT": "0.7612047439906746:1"
   }
}
[44.551][INFO]: received WebDriver request: GET /session/624e1c54575c6a9d36ec4955076b265d/element/0.7612047439906746:1/displayed 
[44.551][INFO]: waiting for pending navigations...
[44.551][INFO]: done waiting for pending navigations
[44.593][INFO]: waiting fr pending navigatins...
[44.593][INFO]: dne waiting fr pending navigatins
[44.593][INFO]: sending WebDriver respnse: 200 {
   "sessinId": "624e1c54575c6a9d36ec4955076b265d",
   "status": 0,
   "value": true
}
[44.596][INFO]: receivedWebDriverrequest:POST/session/624e1c54575c6a9d36ec4955076b265d/element
"using":"cssselector",
"value":"input[id='nicknameform_input']"
}
[44.596][INFO]: waitingforpendingnavigations...
[44.596][INFO]: donewaitingforpendingnavigations
[44.621][INFO]: waiting for pending navigations...
[44.621][INFO]: done waiting for pending navigations
[44.623][INFO]: sending WebDriver response: 200 {
   "sessionId": "624e1c54575c6a9d36ec4955076b265d",
   "status": 0,
   "value": {
      "ELEMENT": "0.7612047439906746:1"
   }
}
[44.627][INFO]: received WebDriver request: POST /session/624e1c54575c6a9d36ec4955076b265d/element/0.7612047439906746:1/clear {
   "id": "0.7612047439906746:1"
}
[44.631][INFO]: waiting for pending navigations...
[44.631][INFO]: done waiting for pending navigations
[44.667][INFO]: waiting for pending navigations...
[44.667][INFO]: done waiting for pending navigations
[44.667][INFO]: sending WebDriver response: 200 {
   "sessionId": "624e1c54575c6a9d36ec4955076b265d",
   "status": 0,
   "value": null
}
[44.672][INFO]: received WebDriver request: POST /session/624e1c54575c6a9d36ec4955076b265d/element {
   "using": "css selector",
   "value": "input[id='nicknameform_input']"
}
[44.672][INFO]: waiting for pending navigations...
[44.672][INFO]: done waiting for pending navigations
[44.688][INFO]: waiting for pending navigations...
[44.688][INFO]: done waiting for pending navigations
[44.689][INFO]: sending WebDriver response: 200 {
   "sessionId": "624e1c54575c6a9d36ec4955076b265d",
   "status": 0,
   "value": {
      "ELEMENT": "0.7612047439906746:1"
   }
}
[44.693][INFO]: received WebDriver request: POST /session/624e1c54575c6a9d36ec4955076b265d/element/0.7612047439906746:1/value {
   "id": "0.7612047439906746:1",
   "value": [ "376665089" ]
}
[44.695][INFO]: waiting for pending navigations...
[44.695][INFO]: done waiting for pending navigations
[44.831][INFO]: waiting for pending navigations...
[44.831][INFO]: done waiting for pending navigations
[44.831][INFO]: sending WebDriver response: 200 {
   "sessionId": "624e1c54575c6a9d36ec4955076b265d",
   "status": 0,
   "value": null
}
[44.832][INFO]: received WebDriver request: POST /session/624e1c54575c6a9d36ec4955076b265d/element {
   "using": "css selector",
   "value": "input[id='nicknameform_bt']"
}
[44.833][INFO]: waiting for pending navigations...
[44.833][INFO]: done waiting for pending navigations
[44.861][INFO]: waiting for pending navigations...
[44.861][INFO]: done waiting for pending navigations
[44.861][INFO]: sending WebDriver response: 200 {
   "sessionId": "624e1c54575c6a9d36ec4955076b265d",
   "status": 0,
   "value": {
      "ELEMENT": "0.7612047439906746:2"
   }
}
[44.866][INFO]: received WebDriver request: POST /session/624e1c54575c6a9d36ec4955076b265d/element/0.7612047439906746:2/click {
   "id": "0.7612047439906746:2"
}
[44.866][INFO]: waiting for pending navigations...
[44.866][INFO]: done waiting for pending navigations
[45.055][INFO]: waiting for pending navigations...
[45.055][INFO]: done waiting for pending navigations
[45.062][INFO]: sending WebDriver resonse: 200 {
   "sessionId": "624e1c54575c6a9d36ec4955076b265d",
   "status": 0,
   "value": null
}
[46.066][INFO]: received WebDriver request: OST /session/624e1c54575c6a9d36ec4955076b265d/element {
   "using": "css selector",
   "value": "input[name='newlayer.address.homehone']"
}
[46.067][INFO]: waiting for pending navigations...
[46.654][INFO]: done waiting for pending navigations
[47.039][INFO]: waiting for pending navigations...
[47.039][INFO]: done waiting for pending navigations
[47.039][INFO]: sending WebDriver response: 200 {
   "sessionId": "624e1c54575c6a9d36ec4955076b265d",
   "status": 0,
   "value": {
      "ELEMENT": "0.04418561584316194:1"
   }
}
[47.041][INFO]: received WebDriver request: GET /session/624e1c54575c6a9d36ec4955076b265d/element/0.04418561584316194:1/displayed 
[47.042][INFO]: waiting for pending navigations...
[47.042][INFO]: done waiting for pending navigations
[47.067][INFO]: waiting for pending navigations...
[47.067][INFO]: done waiting for pending navigations
[47.068][INFO]: sending WebDriver response: 200 {
   "sessionId": "624e1c54575c6a9d6ec4955076b265d",
   "status": 0,
   "value": true
}
[47.069][INFO]: received WebDriver request: POST /session/624e1c5455c6a9d36ec495506b265d/element {
   "using": "css selector",
   "value": "input[name='newPlayer.address.homePhone']"
}
[47.069][INFO]: waiting for pending navigations...
[47.069][INFO]: done waiting for pending navigations
[47.080][INFO]: waiting for pending navigations...
[47.080][INFO]: done waiting for pending navigations
[47.080][INFO]: sending WeDriver response: 200 {
   "sessionId": "624e1c54575c6a9d36ec4955076265d",
   "status": 0,
   "value": {
      "ELEMENT": "0.04418561584316194:1"
   }
}
[47.083][INFO]: received WebDriver request: POST /session/624e1c54575c6a9d36ec4955076b265d/eleent/0.04418561584316194:1/clear {
   "id": "0.04418561584316194:1"
}
[47.084][INFO]: waiting for pending navigations...
[47.084][INFO]: done waiting for pending navigations
[47.112][INFO]: waiting for pending navigations...
[47.112][INFO]: done waiting for pending navigations
[47.112][INFO]: sending WebDriver response: 200 {
   "sessionId": "624e1c54575c6a9d36ec4955076b265d",
   "status": 0,
   "value": null
}
[47.114][INFO]: received WebDriver request: POST /session/624e1c54575c6a9d36ec4955076b265d/element {
   "using": "css selector",
   "value": "input[name='newPlayer.address.homePhone']"
}
[47.115][INFO]: waiting for pending navigations...
[47.115][INFO]: done waiting for pending navigations
[47.125][INFO]: waiting for pending navigations...
[47.125][INFO]: done waiting for pending navigations
[47.125][INFO]: sending WebDriver response: 200 {
   "sessionId": "624e1c54575c6a9d36ec4955076b265d",
   "status": 0,
   "value": {
      "ELEMENT": "0.04418561584316194:1"
   }
}
[47.128][INFO]: received WebDriver request: POST /session/624e1c54575c6a9d36ec4955076b265d/element/0.04418561584316194:1/value {
   "id": "0.04418561584316194:1",
   "value": [ "11111111111" ]
}
[47.128][INFO]: waiting for pending navigations...
[47.128][INFO]: done waiting for pending navigations
[47.213][INFO]: watng for pendng navgatons...
[47.213][INFO]: done watng for pendng navgatons
[47.213][INFO]: sendng WebDrver response: 200 {
   "sessonId": "624e1c54575c6a9d36ec4955076b265d",
   "status": 0,
   "value": null
}
[47.216][INFO]: received WebDriver reqest: POST /session/624e1c54575c6a9d36ec4955076b265d/element {
   "sing": "css selector",
   "vale": "inpt[name='newPlayer.address.address1']"
}
[47.216][INFO]: waiting for pending navigations...
[47.216][INFO]: done waiting for pending navigations
[47.239][INFO]: waiting for pending navigations...
[47.239][INFO]: done waiting for pending navigations
[47.239][INFO]: sending WebDriver response: 200 {
   "sessionId": "624e1c54575c6a9d36ec4955076b265d",
   "status": 0,
   "value": {
      "ELEMENT": "0.04418561584316194:2"
   }
}
[47.242][INFO]: received WebDriver request: POST /session/624e1c54575c6a9d36ec4955076b265d/element/0.04418561584316194:2/clear {
   "id": "0.04418561584316194:2"
}
[47.242][INFO]: waiting for pending navigations...
[47.242][INFO]: done waiting for pending navigations
[47.269][INFO]: waiting for pending navigations...
[47.269][INFO]: done waiting for pending navigations
[47.269][INFO]: sending Webriver response: 200 {
   "sessionId": "624e1c54575c6a9d36ec4955076b265d",
   "status": 0,
   "value": null
}
[47.271][INFO]: received WebDriver request: POST /session/624e1c54575c6a9d36ec4955076b265d/element {
   "using": "css selector",
   "value": "input[name='newPlayer.address.address1']"
}
[47.271][INFO]: waiting for pending navigations...
[47.271][INFO]: done waiting for pending navigations
[47.282][INFO]: aiting for pending navigations...
[47.282][INFO]: done aiting for pending navigations
[47.283][INFO]: sending WebDriver response: 200 
   "sessionId": "624e1c54575c6a9d36ec4955076b265d",
   "status": 0,
   "value": 
      "ELEMENT": "0.044156154316194:2"
   }
}
[47.284][INFO]: receivedWebDriverrequest:POST/session/624e1c54575c6a9d36ec4955076b265d/element/0.04418561584316194:2/value{
"id":"0.04418561584316194:2",
"value":["QAstreet"]
}
[47.285][INFO]: waiting for pending navigations...
[47.285][INFO]: done waiting for pending navigations
[47.362][INFO]: waiting for pending navigations...
[47.362][INFO]: done waiting for pending navigations
[47.362][INFO]: sending WebDriver response: 200 {
   "sessionId": "624e1c54575c6a9d36ec4955076b265d",
   "status": 0,
   "value": null
}
[47.363][INFO]: received WebDriver request: POST /session/624e1c54575c6a9d36ec4955076b265d/element {
   "using": "css selector",
   "value": "input[name='newPlayer.address.address2']"
}
[47.363][INFO]: waiting for pending navigations...
[47.363][INFO]: done waiting for pending navigations
[47.385][INFO]: waiting for pending navigations...
[47.385][INFO]: done waiting for pending navigations
[47.386][INFO]: sending WebDriver response: 200 {
   "sessionId": "624e1c54575c6a9d36ec4955076b265d",
   "status": 0,
   "value": {
      "ELEMENT": "0.04418561584316194:3"
   }
}
[47.388][INFO]: received WebDriver request: POST /session/624e1c54575c6a9d36ec4955076b265d/element/0.04418561584316194:3/clear {
   "id": "0.04418561584316194:3"
}
[47.388][INFO]: waiting for pending navigations...
[47.388][INFO]: done waiting for pending navigations
[47.414][INFO]: waiting for pending navigations...
[47.414][INFO]: done waiting for pending navigations
[47.415][INFO]: sending WebDriver response: 200 {
   "sessionId": "624e1c54575c6a9d36ec4955076b265d",
   "status": 0,
   "value": null
}
[47.416][INFO]: received WebDriver request: POST /session/624e1c54575c6a9d36ec4955076b265d/element {
   "using": "css selector",
   "value": "input[name='newPlayer.address.address2']"
}
[47.417][INFO]: waiting for pending navigations...
[47.417][INFO]: done waiting for pending navigations
[47.427][INFO]: waiting for pending navigations...
[47.427][INFO]: done waiting for pending navigations
[47.427][INFO]: sending WebDriver response: 200 {
   "sessionId": "624e1c54575c6a9d36ec4955076b265d",
   "status": 0,
   "value": {
      "ELEMENT": "0.04418561584316194:3"
   }
}
[47.428][INFO]: received WebDriver request: POST /session/624e1c54575c6a9d36ec4955076b265d/element/0.04418561584316194:3/value {
   "id": "0.04418561584316194:3",
   "value": [ "QA Number" ]
}
[47.429][INFO]: waiting for pending navigations...
[47.429][INFO]: done waiting for pending navigations
[47.508][INFO]: waitingforpendingnavigations...
[47.508][INFO]: donewaitingforpendingnavigations
[47.508][INFO]: sendingWebDriverresponse:200{
"sessionId":"624e1c54575c6a9d36ec4955076b265d",
"status":0,
"value":null
}
[47.510][INFO]: received WebDriver request: POST /session/624e1c54575c6a9d36ec4955076b265d/element {
   "using": "css selector",
   "value": "input[name='newPlayer.address.pincode']"
}
[47.511][INFO]: waiting for pending navigations...
[47.511][INFO]: done waiting for pending navigations
[47.531][INFO]: waiting for pending navigations...
[47.531][INFO]: done waiting for pending navigations
[47.531][INFO]: sending WebDriver response: 200 {
   "sessionId": "624e1c54575c6a9d36ec4955076b265d",
   "status": 0,
   "value": {
      "ELEMENT": "0.04418561584316194:4"
   }
}
[47.534][INFO]: received WebDriver request: PST /session/624e1c54575c6a9d36ec4955076b265d/element/0.04418561584316194:4/clear {
   "id": "0.04418561584316194:4"
}
[47.534][INFO]: waiting for pending navigations...
[47.534][INFO]: done waiting for pending navigations
[47.559][INFO]: waiting for pending navigations...
[47.559][INFO]: done waiting for pending navigations
[47.559][INFO]: sending WebDriver response: 200 {
   "sessionId": "624e1c54575c6a9d36ec4955076b265d",
   "status": 0,
   "value": null
}
[47.561][INFO]: received WebDriver request: POST /session/624e1c54575c6a9d36ec4955076b265d/element {
   "using": "css selector",
   "value": "input[name='newPlayer.address.pincode']"
}
[47.562][INFO]: waiting for pending navigations...
[47.562][INFO]: done waiting for pending navigations
[47.571][INFO]: waiting for pending navigations...
[47.572][INFO]: donewaitingforpendingnavigations
[47.572][INFO]: sendingWebDriverresponse:200{
"sessionId":"624e1c54575c6a9d36ec4955076b265d",
"status":0,
"value":{
"ELEMENT":"0.04418561584316194:4"
}
}
[47.574][INFO]: received WebDriver request: POST /session/624e1c54575c6a9d36ec4955076b265d/element/0.04418561584316194:4/value {
   "id": "0.04418561584316194:4",
   "value": [ "m333aj" ]
}
[47.574][INFO]: waiting for pending navigations...
[47.574][INFO]: done waiting for pending navigations
[...]
   "value": true
}
[67.934][INFO]: received WebDriver request: POST /session/624e1c54575c6a9d36ec4955076b265d/element {
   "using": "path",
   "value": "/html/body/div[@id='wrapper']/div[@id='full_col']/div[@id='main_col']/div[@id='contentPanel']/div[@class='innerpanelContainer']/div[@class='innerpanel']/div[@id='cmsPayContainer']/form[@id='netelle..."
}
[67.934][INFO]: waiting for pending navigations...
[67.934][INFO]: done waiting for pending navigations
[67.946][INFO]: waiting for pending navigations...
[67.946][INFO]: done waiting for pending navigations
[67.946][INFO]: sending WebDriver response: 200 {
   "sessionId": "624e1c54575c6a9d36ec4955076b265d",
   "status": 0,
   "value": {
      "ELEMENT": "0.5093554800841957:10"
   }
}
[67.948][INFO]: received WebDriver request: GET /session/624e1c54575c6a9d36ec4955076b265d/element/0.5093554800841957:10/tet 
[67.948][INFO]: waiting for pending navigations...
[67.948][INFO]: done waiting for pending navigations
[67.978][INFO]: waiting for pending navigations...
[67.978][INFO]: done waiting for pending navigations
[67.978][INFO]: sending WebDriver response: 200 {
   "sessionId": "624e1c54575c6a9d36ec4955076b265d",
   "status": 0,
   "value": "Surname:"
}
[67.980][INFO]: received WebDriver request: POST /session/624e1c54575c6a9d36ec4955076b265d/element {
   "using": "xpath",
   "value": "/html/bod/div[@id='wrapper']/div[@id='full_col']/div[@id='main_col']/div[@id='contentPanel']/div[@class='innerpanelContainer']/div[@class='innerpanel']/div[@id='cmsPaContainer']/form[@id='netelle..."
}
[67.980][INFO]: waiting for pending navigations...
[67.980][INFO]: done waiting for pending navigations
[68.005][INFO]: waiting for ending navigations...
[68.005][INFO]: done waiting for ending navigations
[68.005][INFO]: sending WebDriver resonse: 200 {
   "sessionId": "624e1c54575c6a9d36ec4955076b265d",
   "status": 0,
   "value": {
      "ELEMENT": "0.5093554800841957:11"
   }
}
[68.007][INFO]: received WebDriver request: GET /session/624e1c54575c6a9d36ec4955076b265d/element/0.5093554800841957:11/displaed 
[68.007][INFO]: waiting for pending navigations...
[68.007][INFO]: done waiting for pending navigations
[68.028][INFO]: waiting for pending navigations...
[68.028][INFO]: done waiting for pending navigations
[68.028][INFO]: sending WebDriver response: 200 {
   "sessionId": "624e1c54575c6a9d36ec4955076b265d",
   "status": 0,
   "value": true
}
[68.030][INFO]: received WebDriver request: POST /session/624e1c54575c6a9d36ec4955076b265d/element {
   "using": "xpath",
   "value": "/html/body/div[@id='wrapper']/div[@id='full_col']/div[@id='main_col']/div[@id='contentPanel']/div[@class='innerpanelContainer']/div[@class='innerpanel']/div[@id='cmsPayContainer']/form[@id='netelle..."
}
[68.030][INFO]: waiting for pending navigations...
[68.030][INFO]: done waiting for pending navigations
[68.042][INFO]: waiting for pending navigations...
[68.042][INFO]: done waiting for pending navigations
[68.042][INFO]: sending WebDriver response: 200 {
   "sessionId": "624e1c54575c6a9d36ec4955076b265d",
   "status": 0,
   "value": {
      "ELEMENT": "0.5093554800841957:11"
   }
}
[68.045][INFO]: received WebDriver request: GET /session/624e1c54575c6a9d36ec4955076b265d/element/0.5093554800841957:11/text 
[68.045][INFO]: waiting for pending navigations...
[68.045][INFO]: done waiting for pending navigations
[68.073][INFO]: waiting for pending navigations...
[68.073][INFO]: done waiting for pending navigations
[68.073][INFO]: sending WebDriver response: 200 {
   "sessionId": "624e1c54575c6a9d36ec4955076b265d",
   "status": 0,
   "value": "Transaction Type:"
}
[68.074][INFO]: received WebDriver request: POST /session/624e1c54575c6a9d36ec4955076b265d/element {
   "using": "xpath",
   "value": "/html/body/div[@id='wrapper']/div[@id='full_col']/div[@id='main_col']/div[@id='contentPanel']/div[@class='innerpanelContainer']/div[@class='innerpanel']/div[@id='cmsPayContainer']/form[@id='netelle..."
}
[68.075][INFO]: waiting for pending navigations...
[68.075][INFO]: done waiting for pending navigations
[68.114][INFO]: waiting for pending navigations...
[68.114][INFO]: done waiting for pending navigations
[68.114][INFO]: sending WebDriver response: 200 
   "sessionId": "624e1c54575c6a9d36ec4955076b265d",
   "status": 0,
   "value": 
      "ELEMENT": "0.50935540041957:12"
   }
}
[68.116][INFO]: received WebDriver request: GET /session/624e1c54575c6a9d36ec4955076b265d/element/0.5093554800841957:12/displayed 
[68.116][INFO]: waiting for pending navigations...
[68.116][INFO]: done waiting for pending navigations
[68.138][INFO]: waiting for pending navigations...
[68.138][INFO]: done waiting for pending navigations
[68.138][INFO]: sending WebDriver response: 200 
   "sessionId": "624e1c54575c6a9d36ec4955076b265d",
   "status": 0,
   "value": true
}
[68.140][INFO]: received WebDriver request: POST /session/624e1c54575c6a9d36ec4955076b265d/element 
   "using": "xpath",
   "value": "/html/body/div[@id='wrapper']/div[@id='full_col']/div[@id='main_col']/div[@id='contentPanel']/div[@class='innerpanelContainer']/div[@class='innerpanel']/div[@id='cmsPayContainer']/form[@id='netelle..."
}
[68.140][INFO]: waiting for pending navigations...
[68.140][INFO]: done waiting for pending navigations
[68.152][INFO]: waiting for pending navigations...
[68.152][INFO]: done waiting for pending navigations
[68.152][INFO]: sending WebDriver response: 200 
   "sessionId": "624e1c54575c6a9d36ec4955076b265d",
   "status": 0,
   "value": 
      "ELEMENT": "0.5093554800841957:12"
   }
}
[68.154][INFO]: received WebDriver request: GET /session/624e1c54575c6a9d36ec4955076b265d/element/0.5093554800841957:12/tet 
[68.154][INFO]: waiting for pending navigations...
[68.154][INFO]: done waiting for pending navigations
[68.182][INFO]: waiting for pending navigations...
[68.182][INFO]: done waiting for pending navigations
[68.182][INFO]: sending WebDriver response: 200 {
   "sessionId": "624e1c54575c6a9d36ec4955076b265d",
   "status": 0,
   "value": "Transaction ID:"
}
[68.186][INFO]: received WebDriver request: GET /sessin/624e1c54575c6a9d36ec4955076b265d/screensht 
[68.186][INFO]: waiting fr pending navigatins...
[68.186][INFO]: dne waiting fr pending navigatins
[68.312][INFO]: waiting for pending navigations...
[68.312][INFO]: done waiting for pending navigations
[68.327][INFO]: sending WebDriver response: 200 {
   "sessionId": "624e1c54575c6a9d36ec4955076b265d",
   "status": 0,
   "value": "iVBORw0KGgoAAAANSUhEUgAABAoAAALvCAIAAABjn7BwAAAgAElEQVR4nOy9fbhlVXkn+Pu965x7q+pCcVELP0AsiYIUtimNIGoyQDv5QDuRREx8plstWjsT+2mDqG3PjNOKJnky8YkCzvRDEvWhxMkzaT+J08ahiQ9VTvxAHCk7FigmpFCIhPKjKKiqW/ec/b7zx..."
}
[68.387][INFO]: received WebDriver request: POST /session/624e1c54575c6a9d36ec4955076b265d/element {
   "using": "css selector",
   "value": "#submit \u003E span"
}
[68.388][INFO]: waiting for pending navigations...
[68.388][INFO]: done waiting for pending navigations
[68.410][INFO]: waiting for pending navigations...
[68.410][INFO]: done waiting for pending navigations
[68.410][INFO]: sending WebDriver response: 200 {
   "sessionId": "624e1c54575c6a9d36ec4955076b265d",
   "status": 0,
   "value": {
      "ELEMENT": "0.5093554800841957:13"
   }
}
[68.412][INFO]: received WebDriver request: POST /session/624e1c54575c6a9d36ec4955076b265d/element/0.5093554800841957:13/click {
   "id": "0.5093554800841957:13"
}
[68.412][INFO]: waiting for pending navigations...
[68.412][INFO]: done waiting for pending navigations
[68.457][INFO]: waiting for pending navigations...
[69.204][INFO]: done waiting for pending navigations
[69.204][INFO]: sending WebDriver response: 200 {
   "sessionId": "624e1c54575c6a9d36ec4955076b265d",
   "status": 0,
   "value": null
}
[69.207][INFO]: received WebDriver request: POST /session/624e1c54575c6a9d36ec4955076b265d/elements {
   "using": "css selector",
   "value": "BODY"
}
[69.207][INFO]: waiting for pending navigations...
[69.207][INFO]: done waiting for pending navigations
[69.232][INFO]: waiting for pnding navigations...
[69.232][INFO]: don waiting for pnding navigations
[69.232][INFO]: snding WbDrivr rspons: 200 {
   "sssionId": "6241c54575c6a9d36c4955076b265d",
   "status": 0,
   "valu": [ {
      "ELEMENT": "0.36860738578252494:1"
   } ]
}
[69.238][INFO]: received WebDriver request: GET /session/624e1c54575c6a9d36ec4955076b265d/url 
[69.238][INFO]: waiting for pending navigations...
[69.238][INFO]: done waiting for pending navigations
[69.256][INFO]: waiting for pending navigations...
[69.256][INFO]: done waiting for pending navigations
[69.256][INFO]: sending WebDriver response: 200 {
   "sessionId": "624e1c54575c6a9d36ec4955076b265d",
   "status": 0,
   "value": "https://testgaming.st-minver.com/carlton/bingo/lobby/index.thtml"
}
[69.258][INFO]: received WebDriver request: GET /session/624e1c54575c6a9d36ec4955076b265d/source 
[69.258][INFO]: waiting for pending navigations...
[69.258][INFO]: done waiting for pending navigations
[69.266][INFO]: waiting for pending navigations...
[69.267][INFO]: donewaitingforpendingnavigations
[69.272][INFO]: sending WebDriver response: 200 {
   "sessionId": "624e1c54575c6a9d36ec4955076b265d",
   "status": 0,
   "value": "\u003C!DOCTYPE html PUBLIC \"-//W3C//DTD XHTML 1.0 Transitional//EN\" \"http://www.w3.org/TR/xhtml1/DTD/xhtml1-transitional.dtd\"\u003E\u003Chtml xmlns=\"http://www.w3.org/1999/xhtml\"\u003E\u003Chead\u003E\n\u003Cmeta http-equiv=\"Content-..."
}
[69.279][INFO]: received WebDriver request: GET /session/624e1c54575c6a9d36ec4955076b265d/screenshot 
[69.279][INFO]: waiting for pending navigations...
[69.279][INFO]: done waiting for pending navigations
[69.442][INFO]: waiting for pending navigations...
[69.442][INFO]: done waiting for pending navigations
[69.461][INFO]: sending WebDriver response: 200 {
   "sessionId": "624e1c54575c6a9d36ec4955076b265d",
   "status": 0,
   "value": "iVBORw0KGgoAAAANSUhEUgAABAoAAALvCAIAAABjn7BwAAAgAElEQVR4nOy9fbhlVXkn+Pu965x7q+pCcVELP0AsiYIUtimNIGoyQDv5QDuRREx8plstWjsT+2mDqG3PjNOKJnky8YkCzvRDEvWhxMkzaT+J08ahiQ9VTvxAHCk7FigmpFCIhPKjKKiqW/ec/b7zx..."
}
[69.488][INFO]: received WebDriver request: POST /session/624e1c54575c6a9d36ec4955076b265d/element {
   "using": "css selector",
   "value": "a.button_witdraw"
}
[69.488][INFO]: waiting for pending navigations...
[69.488][INFO]: done waiting for pending navigations
[69.514][INFO]: waiting for pending navigations...
[69.514][INFO]: done waiting for pending navigations
[69.514][INFO]: sending WebDriver response: 200 {
   "sessionId": "624e1c54575c6a9d36ec4955076b265d",
   "status": 0,
   "value": {
      "ELEMENT": "0.36860738578252494:2"
   }
}
[69.516][INFO]: received WebDriver request: POST /session/624e1c54575c6a9d36ec4955076b265d/element/0.36860738578252494:2/click {
   "id": "0.36860738578252494:2"
}
[69.517][INFO]: waiting for pending navigations...
[69.517][INFO]: done waiting for pending navigations
[69.570][INFO]: waiting for pending navigations...
[70.179][INFO]: done waiting for pending navigations
[70.179][INFO]: sending WebDriver response: 200 {
   "sessionId": "624e1c54575c6a9d36ec4955076b265d",
   "status": 0,
   "value": null
}
[71.181][INFO]: received WebDriver request: POST /session/624e1c54575c6a9d36ec4955076b265d/element {
   using: css selector,
   value: #log_account_buttons a.button_withdraw
}
[71.182][INFO]: waiting for pending navigations...
[71.182][INFO]: done waiting for pending navigations
[71.218][INFO]: waiting for pending navigations...
[71.218][INFO]: done waiting for pending navigations
[71.218][INFO]: sending WebDriver response: 200 {
   "sessionId": "624e1c54575c6a9d36ec4955076b265d",
   "status": 0,
   "value": {
      "ELEMENT": "0.703102555591613:1"
   }
}
[71.220][INFO]: received WebDriver request: POST /session/624e1c54575c6a9d36ec4955076b265d/element/0.8703102555591613:1/click {
   "id": "0.8703102555591613:1"
}
[71.220][INFO]: waiting for pending navigations...
[71.220][INFO]: done waiting for pending navigations
[71.260][INFO]: waiting for pending navigations...
[71.797][INFO]: done waiting for pending navigations
[71.797][INFO]: sending WebDriver response: 200 {
   "sessionId": "624e1c54575c6a9d36ec4955076b265d",
   "status": 0,
   "value": null
}
[72.799][INFO]: received WebDriver request: POST /session/624e1c54575c6a9d36ec4955076b265d/element {
   "using": "css selector",
   "value": "input[name='withdrawalAmount']"
}
[72.800][INFO]: waiting for pending navigations...
[72.800][INFO]: done waiting for pending navigations
[72.836][INFO]: waiting for pending navigations...
[72.836][INFO]: done waiting for pending navigations
[72.836][INFO]: sending WebDriver response: 200 {
   "sessionId": "624e1545756a9d36e4955076b265d",
   "status": 0,
   "value": {
      "ELEMENT": "0.27232593134976923:1"
   }
}
[72.838][INFO]: received WebDriver request: POST /session/624e1c54575c6a9d36ec4955076b265d/element/0.27232593134976923:1/clear {
   "id": "0.27232593134976923:1"
}
[72.838][INFO]: waiting for pending navigations...
[72.838][INFO]: done waiting for pending navigations
[72.863][INFO]: waiting for pending navigations...
[72.863][INFO]: done waiting for pending navigations
[72.863][INFO]: sending WebDriver response: 200 {
   "sessionId": "624e1c54575c6a9d36ec4955076b265d",
   "status": 0,
   "value": null
}
[72.865][INFO]: received WebDriver request: POST /session/624e1c54575c6a9d36ec4955076b265d/element {
   "using": "css selector",
   "value": "input[name='withdrawalAmount']"
}
[72.865][INFO]: waiting for pending navigations...
[72.865][INFO]: done waiting for pending navigations
[72.875][INFO]: waiting for pending navigations...
[72.876][INFO]: done waiting for pending navigations
[72.876][INFO]: sending WebDriver response: 200 {
   "sessionId": "624e1c54575c6a9d36ec4955076b265d",
   "status": 0,
   "value": {
      "ELEMENT": "0.27232593134976923:1"
   }
}
[72.878][INFO]: received WebDriver request: POST /session/624e1c54575c6a9d36ec4955076b265d/element/0.27232593134976923:1/value {
   "id": "0.27232593134976923:1",
   "value": [ "10" ]
}
[72.878][INFO]: waiting for pending navigations...
[72.878][INFO]: done waiting for pending navigations
[72.946][INFO]: waiting for pending navigations...
[72.946][INFO]: done waiting for pending navigations
[72.946][INFO]: sending WebDriver response: 200 {
   "sessionId": "624e1c54575c6a9d36ec4955076b265d",
   "status": 0,
   "value": null
}
[72.948][INFO]: received WebDriver request: POST /session/624e1c54575c6a9d36ec4955076b265d/element {
   "using": "css selector",
   "value": "#submit \u003E span"
}
[72.948][INFO]: waiting for pending navigations...
[72.948][INFO]: done waiting for pending navigations
[72.969][INFO]: waiting for pending navigations...
[72.969][INFO]: done waiting for pending navigations
[72.969][INFO]: sending WebDriver response: 200 {
   "sessionId": "624e1c54575c6a9d36ec4955076b265d",
   "status": 0,
   "value": {
      "ELEMENT": "0.27232593134976923:2"
   }
}
[72.972][INFO]: receied WebDrier request: POST /session/624e1c54575c6a9d36ec4955076b265d/element/0.27232593134976923:2/click {
   "id": "0.27232593134976923:2"
}
[72.972][INFO]: waiting for pending naigations...
[72.972][INFO]: done waiting for pending naigations
[73.026][INFO]: waiting for pending navigations...
[73.026][INFO]: done waiting for pending navigations
[73.026][INFO]: sending WebDriver response: 200 {
   "sessiond": "624e1c54575c6a9d36ec4955076b265d",
   "status": 0,
   "value": null
}
[74.028][INFO]: received WebDriver request: GET /session/624e1c54575c6a9d36ec4955076b265d/alert_text 
[74.028][INFO]: waiting for pending navigations...
[74.028][INFO]: done waiting for pending navigations
[74.028][INFO]: sending WebDriver response: 200 {
   "sessionId": "624e1c54575c6a9d36ec4955076b265d",
   "status": 0,
   "value": "You will lose \u00A3 20.00 of bonus money if you continue to withdraw. You have to meet the wagering requirement to get the bonus money. The wagering requirement is 200 and to date you have wagered 0. ..."
}
[74.032][INFO]: received WebDriver request: POST /session/624e1c54575c6a9d36ec4955076b265d/accept_alert {

}
[74.032][INFO]: waiting for pending navigations...
[74.032][INFO]: done waiting for pending navigations
[74.051][INFO]: sending WebDriver response: 200 {
   "sessionId": "624e1c54575c6a9d36ec4955076b265d",
   "status": 0,
   "value": null
}
[75.053][INFO]: received WebDriver request: GET /session/624e1c5455c6a9d36ec495506b265d/alert_text 
[75.054][INFO]: waiting for pending navigations...
[75.054][INFO]: done waiting for pending navigations
[75.055][INFO]: sending WebDriver response: 200 {
   "sessionId": "624e1c54575c6a9d36ec4955076b265d",
   "status": 0,
   "value": "Your withdrawal to your NETeller account will be processed within 48 hours"
}
[75.057][INFO]: received WebDriver request: OST /session/624e1c54575c6a9d36ec4955076b265d/accept_alert {

}
[75.058][INFO]: waiting for pending navigations...
[75.058][INFO]: done waiting for pending navigations
[75.075][INFO]: sending WebDriver response: 200 {
   "sessionId": "624e1c54575c6a9d36ec4955076b265d",
   "status": 0,
   "value": null
}
[76.078][INFO]: received WebDriver request: GET /session/624e1c54575c6a9d36ec4955076b265d/url 
[76.080][INFO]: waiting for pending navigations...
[76.080][INFO]: done waiting for pending navigations
[76.084][INFO]: waiting for pending navigations...
[76.084][INFO]: done waiting for pending navigations
[76.084][INFO]: sending WebDriver response: 200 {
   "sessionId": "624e1c54575c6a9d36ec4955076b265d",
   "status": 0,
   "value": "https://testgaming.st-minver.com/carlton/bingo/lobby/index.thtml"
}
[76.086][INFO]: received WebDriver request: GET /session/624e1c54575c6a9d36ec4955076b265d/source 
[76.086][INFO]: waiting for pending navigations...
[76.086][INFO]: done waiting for pending navigations
[76.100][INFO]: waiting for pending navigations...
[76.101][INFO]: done waiting for ending navigations
[76.109][INFO]: sending WebDriver response: 200 {
   "sessionId": "624e1c54575c6a9d36ec4955076b265d",
   "status": 0,
   "value": "\u003C!DOCYPE html PUBLIC \"-//W3C//DD XHML 1.0 ransitional//EN\" \"http://www.w3.org/R/xhtml1/DD/xhtml1-transitional.dtd\"\u003E\u003Chtml xmlns=\"http://www.w3.org/1999/xhtml\"\u003E\u003Chead\u003E\n\u003Cmeta http-equiv=\"Content-..."
}
[76.119][INFO]: received WebDriver request: GET /session/624e1c54575c6a9d36ec4955076b265d/screenshot 
[76.119][INFO]: waiting for pending navigations...
[76.119][INFO]: done waiting for pending navigations
[76.268][INFO]: waiting for pending navigations...
[76.268][INFO]: done waiting for pending navigations
[76.287][INFO]: sending WebDriver response: 200 {
   "sessionId": "624e1c54575c6a9d36ec4955076b265d",
   "status": 0,
   "value": "iVBORw0KGgoAAAANSUhEUgAABAoAAALvCAIAAABjn7BwAAAgAElEQVR4nOy9fbhlVXkn+Pu965x7q+pCcVELP0AsiYIUtimNIGoyQDv5QDuRREx8plstWjsT+2mDqG3PjNOKJnky8YkCzvRDEvWhxMkzaT+J08ahiQ9VTvxAHCk7FigmpFCIhPKjKKiqW/ec/b7zx..."
}
[76.322][INFO]: received WebDriver request: DELETE /session/624e1c54575c6a9d36ec4955076b265d/window 
[WARNING:chrome_desktop_impl.cc(88)] chrome detaches, user should take care of directory:C:\Users\dprado\AppData\Local\Temp\scoped_dir1788_3197 and C:\Users\dprado\AppData\Local\Temp\scoped_dir1788_20428
[77.704][INFO]: sending WebDriver response: 200 {
   "sessionId": "624e1c54575c6a9d36ec4955076b265d",
   "status": 0,
   "value": null
}
[77.706][INFO]: received WebDriver request: DELETE /session/624e1c54575c6a9d36ec4955076b265d 
[77.707][INFO]: sending WebDriver response: 200 {
   "sessionId": "624e1c54575c6a9d36ec4955076b265d",
   "status": 6,
   "value": {
      "message": "no such session: 624e1c54575c6a9d36ec4955076b265d\n  (Driver info: chromedriver=2.0,platform=Windows NT 6.1 SP1 x86_64)"
   }
}
[77.710][INFO]: received WebDriver request: GET /shutdown 
[77.710][INFO]: sending WebDriver response: 200 {
   "sessionId": "",
   "status": 0,
   "value": null
}
Started ChromeDriver (v2.0) on port 37403
</system-err>
  </testcase>
</testsuite>